[INFO] Scanning for projects...
[INFO] 
[INFO] --------------< net.serenitybdd.starter:cucumber-starter >--------------
[INFO] Building Sample Serenity BDD project using Cucumber 1.0.0-SNAPSHOT
[INFO]   from pom.xml
[INFO] --------------------------------[ jar ]---------------------------------
[INFO] 
[INFO] --- resources:3.3.1:resources (default-resources) @ cucumber-starter ---
[INFO] skip non existing resourceDirectory D:\uni\sem 7\IS 3440 - Group Assignment\IS 3440 - Group Assignment\Automation\ITFac_Batch21_Group58\src\main\resources
[INFO] 
[INFO] --- compiler:3.8.1:compile (default-compile) @ cucumber-starter ---
[INFO] Nothing to compile - all classes are up to date
[INFO] 
[INFO] --- resources:3.3.1:testResources (default-testResources) @ cucumber-starter ---
[INFO] Copying 5 resources from src\test\resources to target\test-classes
[INFO] 
[INFO] --- compiler:3.8.1:testCompile (default-testCompile) @ cucumber-starter ---
[INFO] Changes detected - recompiling the module!
[INFO] Compiling 26 source files to D:\uni\sem 7\IS 3440 - Group Assignment\IS 3440 - Group Assignment\Automation\ITFac_Batch21_Group58\target\test-classes
[INFO] 
[INFO] --- surefire:3.1.2:test (default-test) @ cucumber-starter ---
[INFO] Tests are skipped.
[INFO] 
[INFO] --- jar:3.4.1:jar (default-jar) @ cucumber-starter ---
[WARNING] JAR will be empty - no content was marked for inclusion!
[INFO] 
[INFO] --- failsafe:3.1.2:integration-test (default) @ cucumber-starter ---
[INFO] Using auto detected provider org.apache.maven.surefire.junitplatform.JUnitPlatformProvider
[INFO] 
[INFO] -------------------------------------------------------
[INFO]  T E S T S
[INFO] -------------------------------------------------------
Feb 06, 2026 4:48:21 PM org.junit.platform.launcher.core.DiscoveryIssueNotifier logIssues
WARNING: TestEngine with ID 'cucumber' encountered a non-critical issue during test discovery:

(1) [WARNING] Discovering tests using the cucumber.features property. Other discovery selectors are ignored!

This is a work around for the limited JUnit 5 support in Maven and Gradle. Please request/upvote/sponsor/ect better support for JUnit 5 discovery selectors. For details see: https://github.com/cucumber/cucumber-jvm/pull/2498

If you are using the JUnit 5 Suite Engine, Platform Launcher API or Console Launcher you should not use this property. Please consult the JUnit 5 documentation on test selection.
Feb 06, 2026 4:48:21 PM org.junit.platform.launcher.core.DiscoveryIssueNotifier logIssues
WARNING: TestEngine with ID 'junit-platform-suite' encountered a non-critical issue during test discovery:

(1) [WARNING] [cucumber] Discovering tests using the cucumber.features property. Other discovery selectors are ignored!

This is a work around for the limited JUnit 5 support in Maven and Gradle. Please request/upvote/sponsor/ect better support for JUnit 5 discovery selectors. For details see: https://github.com/cucumber/cucumber-jvm/pull/2498

If you are using the JUnit 5 Suite Engine, Platform Launcher API or Console Launcher you should not use this property. Please consult the JUnit 5 documentation on test selection (via @Suite starter.CucumberTestSuite).
[INFO] Running io.cucumber.junit.platform.engine.CucumberTestEngine
16:48:22.699 [ForkJoinPool-1-worker-3] INFO  n.thucydides.core.steps.StepEventBus - Loading JUnit Platform configuration parameters from classpath resource [junit-platform.properties].
16:48:25.428 [ForkJoinPool-1-worker-4] INFO  n.s.r.d.r.RequestSpecificationDecorated - No BaseStepListener, POST /auth/login not registered.
16:48:25.434 [ForkJoinPool-1-worker-3] INFO  n.s.r.d.r.RequestSpecificationDecorated - No BaseStepListener, POST /auth/login not registered.
16:48:25.434 [ForkJoinPool-1-worker-1] INFO  n.s.r.d.r.RequestSpecificationDecorated - No BaseStepListener, POST /auth/login not registered.
16:48:25.437 [ForkJoinPool-1-worker-2] INFO  n.s.r.d.r.RequestSpecificationDecorated - No BaseStepListener, POST /auth/login not registered.
Probing for valid sub-category and parent category IDs...
Probing for valid sub-category and parent category IDs...
Probing for valid sub-category and parent category IDs...
Probing for valid sub-category and parent category IDs...
16:48:25.839 [ForkJoinPool-1-worker-4] INFO  n.s.r.d.r.RequestSpecificationDecorated - No BaseStepListener, POST /plants/category/1 not registered.
16:48:25.839 [ForkJoinPool-1-worker-1] INFO  n.s.r.d.r.RequestSpecificationDecorated - No BaseStepListener, POST /plants/category/1 not registered.
16:48:25.839 [ForkJoinPool-1-worker-3] INFO  n.s.r.d.r.RequestSpecificationDecorated - No BaseStepListener, POST /plants/category/1 not registered.
16:48:25.839 [ForkJoinPool-1-worker-2] INFO  n.s.r.d.r.RequestSpecificationDecorated - No BaseStepListener, POST /plants/category/1 not registered.
Found Parent Category ID: 1
Found Parent Category ID: 1
Found Parent Category ID: 1
Found Parent Category ID: 1
16:48:26.143 [ForkJoinPool-1-worker-3] INFO  n.s.r.d.r.RequestSpecificationDecorated - No BaseStepListener, POST /plants/category/2 not registered.
Found Valid Sub-Category ID: 2
16:48:26.143 [ForkJoinPool-1-worker-1] INFO  n.s.r.d.r.RequestSpecificationDecorated - No BaseStepListener, POST /plants/category/2 not registered.
Found Valid Sub-Category ID: 2
16:48:26.178 [ForkJoinPool-1-worker-2] INFO  n.s.r.d.r.RequestSpecificationDecorated - No BaseStepListener, POST /plants/category/2 not registered.
16:48:26.178 [ForkJoinPool-1-worker-4] INFO  n.s.r.d.r.RequestSpecificationDecorated - No BaseStepListener, POST /plants/category/2 not registered.
16:48:26.225 [ForkJoinPool-1-worker-2] INFO  n.s.r.d.r.RequestSpecificationDecorated - No BaseStepListener, POST /plants/category/3 not registered.
16:48:26.225 [ForkJoinPool-1-worker-1] INFO  n.s.r.d.r.RequestSpecificationDecorated - No BaseStepListener, POST /plants/category/2 not registered.
16:48:26.225 [ForkJoinPool-1-worker-4] INFO  n.s.r.d.r.RequestSpecificationDecorated - No BaseStepListener, POST /plants/category/3 not registered.
16:48:26.241 [ForkJoinPool-1-worker-3] INFO  n.s.r.d.r.RequestSpecificationDecorated - No BaseStepListener, POST /plants/category/2 not registered.
16:48:26.271 [ForkJoinPool-1-worker-4] INFO  n.s.r.d.r.RequestSpecificationDecorated - No BaseStepListener, POST /plants/category/4 not registered.
16:48:26.279 [ForkJoinPool-1-worker-2] INFO  n.s.r.d.r.RequestSpecificationDecorated - No BaseStepListener, POST /plants/category/4 not registered.
16:48:26.312 [ForkJoinPool-1-worker-4] INFO  n.s.r.d.r.RequestSpecificationDecorated - No BaseStepListener, POST /plants/category/5 not registered.
16:48:26.319 [ForkJoinPool-1-worker-2] INFO  n.s.r.d.r.RequestSpecificationDecorated - No BaseStepListener, POST /plants/category/5 not registered.
16:48:26.326 [ForkJoinPool-1-worker-1] INFO  n.s.r.d.r.RequestSpecificationDecorated - No BaseStepListener, PUT /plants/117 not registered.
16:48:26.345 [ForkJoinPool-1-worker-1] INFO  n.s.r.d.r.RequestSpecificationDecorated - No BaseStepListener, DELETE /plants/117 not registered.
16:48:26.346 [ForkJoinPool-1-worker-4] INFO  n.s.r.d.r.RequestSpecificationDecorated - No BaseStepListener, POST /plants/category/6 not registered.
16:48:26.359 [ForkJoinPool-1-worker-2] INFO  n.s.r.d.r.RequestSpecificationDecorated - No BaseStepListener, POST /plants/category/6 not registered.
16:48:26.381 [ForkJoinPool-1-worker-4] INFO  n.s.r.d.r.RequestSpecificationDecorated - No BaseStepListener, POST /plants/category/7 not registered.
16:48:26.391 [ForkJoinPool-1-worker-2] INFO  n.s.r.d.r.RequestSpecificationDecorated - No BaseStepListener, POST /plants/category/7 not registered.
16:48:26.416 [ForkJoinPool-1-worker-4] INFO  n.s.r.d.r.RequestSpecificationDecorated - No BaseStepListener, POST /plants/category/8 not registered.
16:48:26.425 [ForkJoinPool-1-worker-2] INFO  n.s.r.d.r.RequestSpecificationDecorated - No BaseStepListener, POST /plants/category/8 not registered.
16:48:26.449 [ForkJoinPool-1-worker-4] INFO  n.s.r.d.r.RequestSpecificationDecorated - No BaseStepListener, POST /plants/category/9 not registered.
16:48:26.454 [ForkJoinPool-1-worker-2] INFO  n.s.r.d.r.RequestSpecificationDecorated - No BaseStepListener, POST /plants/category/9 not registered.
16:48:26.458 [ForkJoinPool-1-worker-3] INFO  n.s.r.d.r.RequestSpecificationDecorated - No BaseStepListener, POST /auth/login not registered.
Probing for valid sub-category and parent category IDs...
16:48:26.476 [ForkJoinPool-1-worker-1] INFO  n.s.r.d.r.RequestSpecificationDecorated - No BaseStepListener, POST /auth/login not registered.
16:48:26.483 [ForkJoinPool-1-worker-4] INFO  n.s.r.d.r.RequestSpecificationDecorated - No BaseStepListener, POST /plants/category/10 not registered.
Probing for valid sub-category and parent category IDs...
16:48:26.527 [ForkJoinPool-1-worker-2] INFO  n.s.r.d.r.RequestSpecificationDecorated - No BaseStepListener, POST /plants/category/10 not registered.
16:48:26.534 [ForkJoinPool-1-worker-3] INFO  n.s.r.d.r.RequestSpecificationDecorated - No BaseStepListener, POST /plants/category/1 not registered.
Found Parent Category ID: 1
16:48:26.544 [ForkJoinPool-1-worker-4] INFO  n.s.r.d.r.RequestSpecificationDecorated - No BaseStepListener, POST /plants/category/11 not registered.
16:48:26.563 [ForkJoinPool-1-worker-1] INFO  n.s.r.d.r.RequestSpecificationDecorated - No BaseStepListener, POST /plants/category/1 not registered.
16:48:26.638 [ForkJoinPool-1-worker-2] INFO  n.s.r.d.r.RequestSpecificationDecorated - No BaseStepListener, POST /plants/category/11 not registered.
16:48:26.656 [ForkJoinPool-1-worker-1] INFO  n.s.r.d.r.RequestSpecificationDecorated - No BaseStepListener, POST /plants/category/2 not registered.
16:48:26.664 [ForkJoinPool-1-worker-4] INFO  n.s.r.d.r.RequestSpecificationDecorated - No BaseStepListener, POST /plants/category/12 not registered.
16:48:26.699 [ForkJoinPool-1-worker-3] INFO  n.s.r.d.r.RequestSpecificationDecorated - No BaseStepListener, POST /plants/category/2 not registered.
Found Valid Sub-Category ID: 2
16:48:26.715 [ForkJoinPool-1-worker-2] INFO  n.s.r.d.r.RequestSpecificationDecorated - No BaseStepListener, POST /plants/category/12 not registered.
16:48:26.725 [ForkJoinPool-1-worker-1] INFO  n.s.r.d.r.RequestSpecificationDecorated - No BaseStepListener, POST /plants/category/3 not registered.
16:48:26.741 [ForkJoinPool-1-worker-4] INFO  n.s.r.d.r.RequestSpecificationDecorated - No BaseStepListener, POST /plants/category/13 not registered.
16:48:26.749 [ForkJoinPool-1-worker-3] INFO  n.s.r.d.r.RequestSpecificationDecorated - No BaseStepListener, POST /plants/category/2 not registered.
16:48:26.776 [ForkJoinPool-1-worker-1] INFO  n.s.r.d.r.RequestSpecificationDecorated - No BaseStepListener, POST /plants/category/4 not registered.
16:48:26.792 [ForkJoinPool-1-worker-2] INFO  n.s.r.d.r.RequestSpecificationDecorated - No BaseStepListener, POST /plants/category/13 not registered.
16:48:26.795 [ForkJoinPool-1-worker-4] INFO  n.s.r.d.r.RequestSpecificationDecorated - No BaseStepListener, POST /plants/category/14 not registered.
16:48:26.810 [ForkJoinPool-1-worker-1] INFO  n.s.r.d.r.RequestSpecificationDecorated - No BaseStepListener, POST /plants/category/5 not registered.
16:48:26.842 [ForkJoinPool-1-worker-1] INFO  n.s.r.d.r.RequestSpecificationDecorated - No BaseStepListener, POST /plants/category/6 not registered.
16:48:26.845 [ForkJoinPool-1-worker-4] INFO  n.s.r.d.r.RequestSpecificationDecorated - No BaseStepListener, POST /plants/category/15 not registered.
16:48:26.861 [ForkJoinPool-1-worker-2] INFO  n.s.r.d.r.RequestSpecificationDecorated - No BaseStepListener, POST /plants/category/14 not registered.
16:48:26.867 [ForkJoinPool-1-worker-1] INFO  n.s.r.d.r.RequestSpecificationDecorated - No BaseStepListener, POST /plants/category/7 not registered.
16:48:26.878 [ForkJoinPool-1-worker-4] INFO  n.s.r.d.r.RequestSpecificationDecorated - No BaseStepListener, POST /plants/category/16 not registered.
16:48:26.897 [ForkJoinPool-1-worker-1] INFO  n.s.r.d.r.RequestSpecificationDecorated - No BaseStepListener, POST /plants/category/8 not registered.
16:48:26.899 [ForkJoinPool-1-worker-2] INFO  n.s.r.d.r.RequestSpecificationDecorated - No BaseStepListener, POST /plants/category/15 not registered.
16:48:26.911 [ForkJoinPool-1-worker-4] INFO  n.s.r.d.r.RequestSpecificationDecorated - No BaseStepListener, POST /plants/category/17 not registered.
16:48:26.920 [ForkJoinPool-1-worker-1] INFO  n.s.r.d.r.RequestSpecificationDecorated - No BaseStepListener, POST /plants/category/9 not registered.
16:48:26.924 [ForkJoinPool-1-worker-2] INFO  n.s.r.d.r.RequestSpecificationDecorated - No BaseStepListener, POST /plants/category/16 not registered.
16:48:26.942 [ForkJoinPool-1-worker-1] INFO  n.s.r.d.r.RequestSpecificationDecorated - No BaseStepListener, POST /plants/category/10 not registered.
16:48:26.953 [ForkJoinPool-1-worker-4] INFO  n.s.r.d.r.RequestSpecificationDecorated - No BaseStepListener, POST /plants/category/18 not registered.
16:48:26.960 [ForkJoinPool-1-worker-2] INFO  n.s.r.d.r.RequestSpecificationDecorated - No BaseStepListener, POST /plants/category/17 not registered.
16:48:26.972 [ForkJoinPool-1-worker-1] INFO  n.s.r.d.r.RequestSpecificationDecorated - No BaseStepListener, POST /plants/category/11 not registered.
16:48:26.983 [ForkJoinPool-1-worker-4] INFO  n.s.r.d.r.RequestSpecificationDecorated - No BaseStepListener, POST /plants/category/19 not registered.
16:48:26.993 [ForkJoinPool-1-worker-3] INFO  n.s.r.d.r.RequestSpecificationDecorated - No BaseStepListener, POST /auth/login not registered.
16:48:26.999 [ForkJoinPool-1-worker-2] INFO  n.s.r.d.r.RequestSpecificationDecorated - No BaseStepListener, POST /plants/category/18 not registered.
16:48:27.002 [ForkJoinPool-1-worker-1] INFO  n.s.r.d.r.RequestSpecificationDecorated - No BaseStepListener, POST /plants/category/12 not registered.
16:48:27.010 [ForkJoinPool-1-worker-4] INFO  n.s.r.d.r.RequestSpecificationDecorated - No BaseStepListener, POST /plants/category/20 not registered.
WARNING: Could not find any valid sub-category in IDs 1-20. Tests will likely fail.
Probing for valid sub-category and parent category IDs...
16:48:27.024 [ForkJoinPool-1-worker-1] INFO  n.s.r.d.r.RequestSpecificationDecorated - No BaseStepListener, POST /plants/category/13 not registered.
16:48:27.031 [ForkJoinPool-1-worker-2] INFO  n.s.r.d.r.RequestSpecificationDecorated - No BaseStepListener, POST /plants/category/19 not registered.
16:48:27.042 [ForkJoinPool-1-worker-4] INFO  n.s.r.d.r.RequestSpecificationDecorated - No BaseStepListener, POST /plants/category/1 not registered.
16:48:27.042 [ForkJoinPool-1-worker-3] INFO  n.s.r.d.r.RequestSpecificationDecorated - No BaseStepListener, POST /plants/category/1 not registered.
Found Parent Category ID: 1
16:48:27.052 [ForkJoinPool-1-worker-1] INFO  n.s.r.d.r.RequestSpecificationDecorated - No BaseStepListener, POST /plants/category/14 not registered.
16:48:27.068 [ForkJoinPool-1-worker-2] INFO  n.s.r.d.r.RequestSpecificationDecorated - No BaseStepListener, POST /plants/category/20 not registered.
WARNING: Could not find any valid sub-category in IDs 1-20. Tests will likely fail.
16:48:27.079 [ForkJoinPool-1-worker-1] INFO  n.s.r.d.r.RequestSpecificationDecorated - No BaseStepListener, POST /plants/category/15 not registered.
16:48:27.099 [ForkJoinPool-1-worker-1] INFO  n.s.r.d.r.RequestSpecificationDecorated - No BaseStepListener, POST /plants/category/16 not registered.
16:48:27.121 [ForkJoinPool-1-worker-1] INFO  n.s.r.d.r.RequestSpecificationDecorated - No BaseStepListener, POST /plants/category/17 not registered.
16:48:27.121 [ForkJoinPool-1-worker-3] INFO  n.s.r.d.r.RequestSpecificationDecorated - No BaseStepListener, POST /plants/category/2 not registered.
Found Valid Sub-Category ID: 2
16:48:27.132 [ForkJoinPool-1-worker-2] INFO  n.s.r.d.r.RequestSpecificationDecorated - No BaseStepListener, POST /plants/category/2 not registered.
16:48:27.148 [ForkJoinPool-1-worker-1] INFO  n.s.r.d.r.RequestSpecificationDecorated - No BaseStepListener, POST /plants/category/18 not registered.
16:48:27.292 [ForkJoinPool-1-worker-4] INFO  n.s.r.d.r.RequestSpecificationDecorated - No BaseStepListener, POST /auth/login not registered.
16:48:27.294 [ForkJoinPool-1-worker-3] INFO  n.s.r.d.r.RequestSpecificationDecorated - No BaseStepListener, POST /plants/category/2 not registered.
Probing for valid sub-category and parent category IDs...
16:48:27.345 [ForkJoinPool-1-worker-1] INFO  n.s.r.d.r.RequestSpecificationDecorated - No BaseStepListener, POST /plants/category/19 not registered.
16:48:27.372 [ForkJoinPool-1-worker-1] INFO  n.s.r.d.r.RequestSpecificationDecorated - No BaseStepListener, POST /plants/category/20 not registered.
WARNING: Could not find any valid sub-category in IDs 1-20. Tests will likely fail.
16:48:27.724 [ForkJoinPool-1-worker-1] INFO  n.s.r.d.r.RequestSpecificationDecorated - No BaseStepListener, POST /plants/category/2 not registered.
16:48:27.727 [ForkJoinPool-1-worker-4] INFO  n.s.r.d.r.RequestSpecificationDecorated - No BaseStepListener, POST /plants/category/1 not registered.
Found Parent Category ID: 1
16:48:27.804 [ForkJoinPool-1-worker-3] INFO  n.s.r.d.r.RequestSpecificationDecorated - No BaseStepListener, PUT /plants/121 not registered.
16:48:27.810 [ForkJoinPool-1-worker-4] INFO  n.s.r.d.r.RequestSpecificationDecorated - No BaseStepListener, POST /plants/category/2 not registered.
Found Valid Sub-Category ID: 2
16:48:27.902 [ForkJoinPool-1-worker-4] INFO  n.s.r.d.r.RequestSpecificationDecorated - No BaseStepListener, POST /plants/category/2 not registered.
16:48:27.920 [ForkJoinPool-1-worker-2] INFO  n.s.r.d.r.RequestSpecificationDecorated - No BaseStepListener, POST /auth/login not registered.
Probing for valid sub-category and parent category IDs...
16:48:28.034 [ForkJoinPool-1-worker-2] INFO  n.s.r.d.r.RequestSpecificationDecorated - No BaseStepListener, POST /plants/category/1 not registered.
Found Parent Category ID: 1
16:48:28.077 [ForkJoinPool-1-worker-1] INFO  n.s.r.d.r.RequestSpecificationDecorated - No BaseStepListener, POST /auth/login not registered.
Probing for valid sub-category and parent category IDs...
16:48:28.123 [ForkJoinPool-1-worker-1] INFO  n.s.r.d.r.RequestSpecificationDecorated - No BaseStepListener, POST /plants/category/1 not registered.
16:48:28.140 [ForkJoinPool-1-worker-2] INFO  n.s.r.d.r.RequestSpecificationDecorated - No BaseStepListener, POST /plants/category/2 not registered.
Found Valid Sub-Category ID: 2
16:48:28.146 [ForkJoinPool-1-worker-1] INFO  n.s.r.d.r.RequestSpecificationDecorated - No BaseStepListener, POST /plants/category/2 not registered.
16:48:28.162 [ForkJoinPool-1-worker-1] INFO  n.s.r.d.r.RequestSpecificationDecorated - No BaseStepListener, POST /plants/category/3 not registered.
16:48:28.175 [ForkJoinPool-1-worker-2] INFO  n.s.r.d.r.RequestSpecificationDecorated - No BaseStepListener, POST /plants/category/2 not registered.
16:48:28.188 [ForkJoinPool-1-worker-1] INFO  n.s.r.d.r.RequestSpecificationDecorated - No BaseStepListener, POST /plants/category/4 not registered.
16:48:28.206 [ForkJoinPool-1-worker-4] INFO  n.s.r.d.r.RequestSpecificationDecorated - No BaseStepListener, POST /auth/login not registered.
16:48:28.208 [ForkJoinPool-1-worker-1] INFO  n.s.r.d.r.RequestSpecificationDecorated - No BaseStepListener, POST /plants/category/5 not registered.
16:48:28.227 [ForkJoinPool-1-worker-1] INFO  n.s.r.d.r.RequestSpecificationDecorated - No BaseStepListener, POST /plants/category/6 not registered.
16:48:28.228 [ForkJoinPool-1-worker-4] INFO  n.s.r.d.r.RequestSpecificationDecorated - No BaseStepListener, PUT /plants/123 not registered.
16:48:28.246 [ForkJoinPool-1-worker-1] INFO  n.s.r.d.r.RequestSpecificationDecorated - No BaseStepListener, POST /plants/category/7 not registered.
16:48:28.263 [ForkJoinPool-1-worker-1] INFO  n.s.r.d.r.RequestSpecificationDecorated - No BaseStepListener, POST /plants/category/8 not registered.
16:48:28.282 [ForkJoinPool-1-worker-1] INFO  n.s.r.d.r.RequestSpecificationDecorated - No BaseStepListener, POST /plants/category/9 not registered.
16:48:28.297 [ForkJoinPool-1-worker-2] INFO  n.s.r.d.r.RequestSpecificationDecorated - No BaseStepListener, POST /auth/login not registered.
16:48:28.300 [ForkJoinPool-1-worker-1] INFO  n.s.r.d.r.RequestSpecificationDecorated - No BaseStepListener, POST /plants/category/10 not registered.
16:48:28.313 [ForkJoinPool-1-worker-2] INFO  n.s.r.d.r.RequestSpecificationDecorated - No BaseStepListener, DELETE /plants/125 not registered.
16:48:28.319 [ForkJoinPool-1-worker-1] INFO  n.s.r.d.r.RequestSpecificationDecorated - No BaseStepListener, POST /plants/category/11 not registered.
16:48:28.334 [ForkJoinPool-1-worker-1] INFO  n.s.r.d.r.RequestSpecificationDecorated - No BaseStepListener, POST /plants/category/12 not registered.
16:48:28.349 [ForkJoinPool-1-worker-1] INFO  n.s.r.d.r.RequestSpecificationDecorated - No BaseStepListener, POST /plants/category/13 not registered.
16:48:28.364 [ForkJoinPool-1-worker-1] INFO  n.s.r.d.r.RequestSpecificationDecorated - No BaseStepListener, POST /plants/category/14 not registered.
16:48:28.375 [ForkJoinPool-1-worker-1] INFO  n.s.r.d.r.RequestSpecificationDecorated - No BaseStepListener, POST /plants/category/15 not registered.
16:48:28.390 [ForkJoinPool-1-worker-1] INFO  n.s.r.d.r.RequestSpecificationDecorated - No BaseStepListener, POST /plants/category/16 not registered.
16:48:28.405 [ForkJoinPool-1-worker-1] INFO  n.s.r.d.r.RequestSpecificationDecorated - No BaseStepListener, POST /plants/category/17 not registered.
16:48:28.419 [ForkJoinPool-1-worker-1] INFO  n.s.r.d.r.RequestSpecificationDecorated - No BaseStepListener, POST /plants/category/18 not registered.
16:48:28.434 [ForkJoinPool-1-worker-1] INFO  n.s.r.d.r.RequestSpecificationDecorated - No BaseStepListener, POST /plants/category/19 not registered.
16:48:28.447 [ForkJoinPool-1-worker-1] INFO  n.s.r.d.r.RequestSpecificationDecorated - No BaseStepListener, POST /plants/category/20 not registered.
WARNING: Could not find any valid sub-category in IDs 1-20. Tests will likely fail.
16:48:28.461 [ForkJoinPool-1-worker-1] INFO  n.s.r.d.r.RequestSpecificationDecorated - No BaseStepListener, POST /plants/category/2 not registered.
Feb 06, 2026 4:48:28 PM org.junit.platform.launcher.core.DiscoveryIssueNotifier logIssues
WARNING: TestEngine with ID 'cucumber' encountered a non-critical issue during test discovery:

(1) [WARNING] Discovering tests using the cucumber.features property. Other discovery selectors are ignored!

This is a work around for the limited JUnit 5 support in Maven and Gradle. Please request/upvote/sponsor/ect better support for JUnit 5 discovery selectors. For details see: https://github.com/cucumber/cucumber-jvm/pull/2498

If you are using the JUnit 5 Suite Engine, Platform Launcher API or Console Launcher you should not use this property. Please consult the JUnit 5 documentation on test selection.
[ERROR] Tests run: 10, Failures: 1, Errors: 0, Skipped: 0, Time elapsed: 7.211 s <<< FAILURE! -- in io.cucumber.junit.platform.engine.CucumberTestEngine
[ERROR] Plant Management API.PM2_API_A_05 Edit Plant -- Time elapsed: 1.092 s <<< FAILURE!
java.lang.AssertionError: 
1 expectation failed.
Expected status code <200> but was <500>.

	at java.base/java.lang.reflect.Constructor.newInstanceWithCaller(Constructor.java:502)
	at java.base/java.lang.reflect.Constructor.newInstance(Constructor.java:486)
	at org.codehaus.groovy.reflection.CachedConstructor.invoke(CachedConstructor.java:73)
	at org.codehaus.groovy.reflection.CachedConstructor.doConstructorInvoke(CachedConstructor.java:60)
	at org.codehaus.groovy.runtime.callsite.ConstructorSite$ConstructorSiteNoUnwrap.callConstructor(ConstructorSite.java:86)
	at org.codehaus.groovy.runtime.callsite.CallSiteArray.defaultCallConstructor(CallSiteArray.java:57)
	at org.codehaus.groovy.runtime.callsite.AbstractCallSite.callConstructor(AbstractCallSite.java:263)
	at org.codehaus.groovy.runtime.callsite.AbstractCallSite.callConstructor(AbstractCallSite.java:277)
	at io.restassured.internal.ResponseSpecificationImpl$HamcrestAssertionClosure.validate(ResponseSpecificationImpl.groovy:512)
	at io.restassured.internal.ResponseSpecificationImpl$HamcrestAssertionClosure$validate$7.call(Unknown Source)
	at io.restassured.internal.ResponseSpecificationImpl.validateResponseIfRequired(ResponseSpecificationImpl.groovy:696)
	at io.restassured.internal.ResponseSpecificationImpl.this$2$validateResponseIfRequired(ResponseSpecificationImpl.groovy)
	at java.base/java.lang.reflect.Method.invoke(Method.java:580)
	at org.codehaus.groovy.runtime.callsite.PlainObjectMetaMethodSite.doInvoke(PlainObjectMetaMethodSite.java:43)
	at org.codehaus.groovy.runtime.callsite.PogoMetaMethodSite$PogoCachedMethodSiteNoUnwrapNoCoerce.invoke(PogoMetaMethodSite.java:198)
	at org.codehaus.groovy.runtime.callsite.PogoMetaMethodSite.callCurrent(PogoMetaMethodSite.java:62)
	at org.codehaus.groovy.runtime.callsite.AbstractCallSite.callCurrent(AbstractCallSite.java:185)
	at io.restassured.internal.ResponseSpecificationImpl.statusCode(ResponseSpecificationImpl.groovy:135)
	at io.restassured.specification.ResponseSpecification$statusCode$3.callCurrent(Unknown Source)
	at io.restassured.internal.ResponseSpecificationImpl.statusCode(ResponseSpecificationImpl.groovy:143)
	at io.restassured.internal.ValidatableResponseOptionsImpl.statusCode(ValidatableResponseOptionsImpl.java:89)
	at steps.api.plants.PlantSteps.verifyHTTPStatusCodeIs(PlantSteps.java:258)
	at ?.Verify HTTP status code is 200(file:///D:/uni/sem%207/IS%203440%20-%20Group%20Assignment/IS%203440%20-%20Group%20Assignment/Automation/ITFac_Batch21_Group58/src/test/resources/features/api/plants/plants_api.feature:43)

[INFO] Running starter.CucumberTestSuite
[INFO] Running io.cucumber.junit.platform.engine.CucumberTestEngine
16:48:28.915 [ForkJoinPool-2-worker-1] INFO  n.t.m.logging.ConsoleLoggingListener - 

-------------------------------------------------------------------------------------
     _______. _______ .______       _______ .__   __.  __  .___________.____    ____ 
    /       ||   ____||   _  \     |   ____||  \ |  | |  | |           |\   \  /   / 
   |   (----`|  |__   |  |_)  |    |  |__   |   \|  | |  | `---|  |----` \   \/   /  
    \   \    |   __|  |      /     |   __|  |  . `  | |  |     |  |       \_    _/   
.----)   |   |  |____ |  |\  \----.|  |____ |  |\   | |  |     |  |         |  |     
|_______/    |_______|| _| `._____||_______||__| \__| |__|     |__|         |__|    
                                                                                     
 News and tutorials at https://serenity-bdd.info                                     
 Documentation at https://serenity-bdd.github.io                                     
 Test Automation Training and Coaching: https://www.serenity-dojo.com                
 Commercial Support: https://www.serenity-dojo.com/serenity-bdd-enterprise-support   
 Join the Serenity Community on Gitter: https://gitter.im/serenity-bdd/serenity-core 
-------------------------------------------------------------------------------------

16:48:28.925 [ForkJoinPool-2-worker-1] INFO  n.t.m.logging.ConsoleLoggingListener - Test Suite Started: Plant Management API

@admin_auth
Scenario: PM2_API_U_05 Deny Request without Token        # src/test/resources/features/api/plants/plants_api.feature:80
  ? Given the admin has a valid session                  # steps.api.sales.SalesSteps.theAdminHasAValidSession()
Probing for valid sub-category and parent category IDs...

@admin_auth
Scenario: PM2_API_A_03 Add Plant with Invalid Category              # src/test/resources/features/api/plants/plants_api.feature:23
Found Parent Category ID: 1

@admin_auth
Scenario: PM2_API_A_02 Add Plant with Missing Name            # src/test/resources/features/api/plants/plants_api.feature:15
Found Valid Sub-Category ID: 2

@admin_auth
Scenario: PM2_API_A_01 Add New Plant (Valid Data)                               # src/test/resources/features/api/plants/plants_api.feature:7
  ? And Valid plant ID exists                            # steps.api.plants.PlantSteps.validPlantIDExists()
  ? And I clear the session token                        # steps.api.plants.PlantSteps.iClearTheSessionToken()
  ? When Send PUT request to /api/plants/{id}            # steps.api.plants.PlantSteps.sendPUTRequestNoAuth()
  ? Then Verify status code is 401 Unauthorized          # steps.api.plants.PlantSteps.verifyStatusCodeIs401()
  ? When Send DELETE request to /api/plants/{id} no auth # steps.api.plants.PlantSteps.sendDELETERequestNoAuth()
  ? Then Verify status code is 401 Unauthorized          # steps.api.plants.PlantSteps.verifyStatusCodeIs401()

@user_auth
Scenario: PM2_API_U_04 Deny Plant Creation under SubCategory (Non-Admin)        # src/test/resources/features/api/plants/plants_api.feature:73
  ? Given the admin has a valid session                             # steps.api.sales.SalesSteps.theAdminHasAValidSession()
Probing for valid sub-category and parent category IDs...
  ? Given the admin has a valid session                       # steps.api.sales.SalesSteps.theAdminHasAValidSession()
Found Parent Category ID: 1
Probing for valid sub-category and parent category IDs...
  ? Given the admin has a valid session                                         # steps.api.sales.SalesSteps.theAdminHasAValidSession()
Probing for valid sub-category and parent category IDs...
Found Parent Category ID: 1
Found Valid Sub-Category ID: 2
  ? And Valid sub-category exists                                   # steps.api.plants.PlantSteps.validSubCategoryExists()
Found Parent Category ID: 1
  ? When Send POST request with category that is not a sub-category # steps.api.plants.PlantSteps.sendPOSTRequestWithInvalidCategory()
  ? Then Verify status code is 400                                  # steps.api.plants.PlantSteps.verifyStatusCodeIs(int)
  ? And API returns validation error and plant is not created       # steps.api.plants.PlantSteps.apiReturnsValidationErrorAndPlantIsNotCreated()

@admin_auth
Scenario: PM2_API_A_04 Add Plant with Price Invalid   # src/test/resources/features/api/plants/plants_api.feature:31
Found Valid Sub-Category ID: 2
  ? And Valid sub-category exists                             # steps.api.plants.PlantSteps.validSubCategoryExists()
  ? Given the user has a valid session                                          # steps.api.sales.SalesSteps.theUserHasAValidSession()
Probing for valid sub-category and parent category IDs...
Found Valid Sub-Category ID: 2
  ? And Valid sub-category exists                                               # steps.api.plants.PlantSteps.validSubCategoryExists()
  ? When Send POST request with JSON body missing Name        # steps.api.plants.PlantSteps.sendPOSTRequestWithMissingName()
  ? Then Verify status code is 400                            # steps.api.plants.PlantSteps.verifyStatusCodeIs(int)
  ? And API returns validation error and plant is not created # steps.api.plants.PlantSteps.apiReturnsValidationErrorAndPlantIsNotCreated()

@admin_auth
Scenario: PM2_API_A_05 Edit Plant                                                     # src/test/resources/features/api/plants/plants_api.feature:39
  ? When Send POST request with valid Name, Price, Quantity to valid category 3 # steps.api.plants.PlantSteps.sendPOSTRequestWithValidDataToCategory(int)
  ? Then Verify status code is 201                                              # steps.api.plants.PlantSteps.verifyStatusCodeIs(int)
  ? And API returns success and plant is created                                # steps.api.plants.PlantSteps.apiReturnsSuccessAndPlantIsCreated()

@admin_auth
Scenario: PM2_API_U_02 Deny Plant Update (Non-Admin)                                  # src/test/resources/features/api/plants/plants_api.feature:47
  ? Given the admin has a valid session               # steps.api.sales.SalesSteps.theAdminHasAValidSession()
Probing for valid sub-category and parent category IDs...
  ? Given the admin has a valid session                                               # steps.api.sales.SalesSteps.theAdminHasAValidSession()
Found Parent Category ID: 1
Probing for valid sub-category and parent category IDs...
Found Parent Category ID: 1
  ? Given the admin has a valid session                                               # steps.api.sales.SalesSteps.theAdminHasAValidSession()
Probing for valid sub-category and parent category IDs...
Found Valid Sub-Category ID: 2
  ? And Valid sub-category exists                     # steps.api.plants.PlantSteps.validSubCategoryExists()
Found Parent Category ID: 1
  ? When Send POST request with Price = 0 or negative # steps.api.plants.PlantSteps.sendPOSTRequestWithInvalidPrice()
  ? Then Verify HTTP status code is 400               # steps.api.plants.PlantSteps.verifyHTTPStatusCodeIs(int)
  ? And API returns 400 Bad Request                   # steps.api.plants.PlantSteps.apiReturns400BadRequest()

@admin_auth
Scenario: PM2_API_U_03 Deny Plant Deletion (Non-Admin) # src/test/resources/features/api/plants/plants_api.feature:56
Found Valid Sub-Category ID: 2
Found Valid Sub-Category ID: 2
  ? And Valid plant ID exists                                                         # steps.api.plants.PlantSteps.validPlantIDExists()
WARNING: Could not find any valid sub-category in IDs 1-20. Tests will likely fail.
  ? And Valid sub-category exists                                               # steps.api.plants.PlantSteps.validSubCategoryExists()
  ? When Send POST request with valid Name, Price, Quantity to valid category 3 # steps.api.plants.PlantSteps.sendPOSTRequestWithValidDataToCategory(int)
  ? Then Verify status code is 403 Forbidden                                    # steps.api.plants.PlantSteps.verifyStatusCodeIs403()

@user_auth
Scenario: PM2_API_U_01 Deny Plant Creation (Non-Admin)                          # src/test/resources/features/api/plants/plants_api.feature:65
  ? And Valid plant ID exists                                                         # steps.api.plants.PlantSteps.validPlantIDExists()
  ? When Send PUT request to /api/plants/{validId} with updated Name, Price, Quantity # steps.api.plants.PlantSteps.sendPUTRequestToUpdatePlant()
  ? Then Verify HTTP status code is 200                                               # steps.api.plants.PlantSteps.verifyHTTPStatusCodeIs(int)
        java.lang.AssertionError: 1 expectation failed.
        Expected status code <200> but was <500>.
        
        	at java.base/jdk.internal.reflect.DirectConstructorHandleAccessor.newInstance(DirectConstructorHandleAccessor.java:62)
        	at java.base/java.lang.reflect.Constructor.newInstanceWithCaller(Constructor.java:502)
        	at java.base/java.lang.reflect.Constructor.newInstance(Constructor.java:486)
        	at org.codehaus.groovy.reflection.CachedConstructor.invoke(CachedConstructor.java:73)
        	at org.codehaus.groovy.reflection.CachedConstructor.doConstructorInvoke(CachedConstructor.java:60)
        	at org.codehaus.groovy.runtime.callsite.ConstructorSite$ConstructorSiteNoUnwrap.callConstructor(ConstructorSite.java:86)
        	at org.codehaus.groovy.runtime.callsite.AbstractCallSite.callConstructor(AbstractCallSite.java:277)
        	at io.restassured.internal.ResponseSpecificationImpl$HamcrestAssertionClosure.validate(ResponseSpecificationImpl.groovy:512)
        	at io.restassured.internal.ResponseSpecificationImpl$HamcrestAssertionClosure$validate$7.call(Unknown Source)
        	at io.restassured.internal.ResponseSpecificationImpl.validateResponseIfRequired(ResponseSpecificationImpl.groovy:696)
        	at io.restassured.internal.ResponseSpecificationImpl.this$2$validateResponseIfRequired(ResponseSpecificationImpl.groovy)
        	at java.base/jdk.internal.reflect.DirectMethodHandleAccessor.invoke(DirectMethodHandleAccessor.java:103)
        	at java.base/java.lang.reflect.Method.invoke(Method.java:580)
        	at org.codehaus.groovy.runtime.callsite.PlainObjectMetaMethodSite.doInvoke(PlainObjectMetaMethodSite.java:43)
        	at org.codehaus.groovy.runtime.callsite.PogoMetaMethodSite$PogoCachedMethodSiteNoUnwrapNoCoerce.invoke(PogoMetaMethodSite.java:198)
        	at org.codehaus.groovy.runtime.callsite.PogoMetaMethodSite.callCurrent(PogoMetaMethodSite.java:62)
        	at org.codehaus.groovy.runtime.callsite.AbstractCallSite.callCurrent(AbstractCallSite.java:185)
        	at io.restassured.internal.ResponseSpecificationImpl.statusCode(ResponseSpecificationImpl.groovy:135)
        	at io.restassured.specification.ResponseSpecification$statusCode$3.callCurrent(Unknown Source)
        	at io.restassured.internal.ResponseSpecificationImpl.statusCode(ResponseSpecificationImpl.groovy:143)
        	at io.restassured.internal.ValidatableResponseOptionsImpl.statusCode(ValidatableResponseOptionsImpl.java:89)
        	at steps.api.plants.PlantSteps.verifyHTTPStatusCodeIs(PlantSteps.java:258)
        	at ?.Verify HTTP status code is 200(file:///D:/uni/sem%207/IS%203440%20-%20Group%20Assignment/IS%203440%20-%20Group%20Assignment/Automation/ITFac_Batch21_Group58/src/test/resources/features/api/plants/plants_api.feature:43)
  ? And API returns 200 OK                                                            # steps.api.plants.PlantSteps.apiReturns200OK()
  ? Given the admin has a valid session                # steps.api.sales.SalesSteps.theAdminHasAValidSession()
Probing for valid sub-category and parent category IDs...
Found Parent Category ID: 1
Found Valid Sub-Category ID: 2
  ? And I switch to non-admin user                                                    # steps.api.plants.PlantSteps.iSwitchToNonAdminUser()
  ? Given the user has a valid session                                          # steps.api.sales.SalesSteps.theUserHasAValidSession()
Probing for valid sub-category and parent category IDs...
  ? And Valid plant ID exists                          # steps.api.plants.PlantSteps.validPlantIDExists()
  ? When Send PUT request to /api/plants/{validId} with updated Name, Price, Quantity # steps.api.plants.PlantSteps.sendPUTRequestToUpdatePlant()
  ? Then Verify status code is 403 Forbidden                                          # steps.api.plants.PlantSteps.verifyStatusCodeIs403()
  ? And Verify plant data is unchanged                                                # steps.api.plants.PlantSteps.verifyPlantDataIsUnchanged()
  ? And I switch to non-admin user                     # steps.api.plants.PlantSteps.iSwitchToNonAdminUser()
  ? When Send DELETE request to /api/plants/{id}       # steps.api.plants.PlantSteps.sendDELETERequest()
  ? Then Verify status code is 403 Forbidden           # steps.api.plants.PlantSteps.verifyStatusCodeIs403()
  ? And Verify plant still exists                      # steps.api.plants.PlantSteps.verifyPlantStillExists()
WARNING: Could not find any valid sub-category in IDs 1-20. Tests will likely fail.
  ? And Valid sub-category exists                                               # steps.api.plants.PlantSteps.validSubCategoryExists()
  ? When Send POST request with valid Name, Price, Quantity to valid category 3 # steps.api.plants.PlantSteps.sendPOSTRequestWithValidDataToCategory(int)
  ? Then Verify status code is 403 Forbidden                                    # steps.api.plants.PlantSteps.verifyStatusCodeIs403()
  ? And Verify plant is not created                                             # steps.api.plants.PlantSteps.verifyPlantIsNotCreated()
16:48:30.736 [ForkJoinPool-2-worker-1] INFO  n.t.m.logging.ConsoleLoggingListener - 
  _____   ___   ___   _____     ___   _____     _     ___   _____   ___   ___  
 |_   _| | __| / __| |_   _|   / __| |_   _|   /_\   | _ \ |_   _| | __| |   \ 
   | |   | _|  \__ \   | |     \__ \   | |    / _ \  |   /   | |   | _|  | |) |
   |_|   |___| |___/   |_|     |___/   |_|   /_/ \_\ |_|_\   |_|   |___| |___/ 

PM2_API_A_01 Add New Plant (Valid Data)(plant-management-api;pm2-api-a-01-add-new-plant-(valid-data))
--------------------------------------------------------------------------------
16:48:30.750 [ForkJoinPool-2-worker-1] INFO  n.t.m.logging.ConsoleLoggingListener - 
  _____   ___   ___   _____     ___     _     ___   ___   ___   ___  
 |_   _| | __| / __| |_   _|   | _ \   /_\   / __| / __| | __| |   \ 
   | |   | _|  \__ \   | |     |  _/  / _ \  \__ \ \__ \ | _|  | |) |
   |_|   |___| |___/   |_|     |_|   /_/ \_\ |___/ |___/ |___| |___/ 

PM2_API_A_01 Add New Plant (Valid Data)
----------------------------------------------------------------------
16:48:30.774 [ForkJoinPool-2-worker-1] INFO  n.t.m.logging.ConsoleLoggingListener - 
  _____   ___   ___   _____     ___   _____     _     ___   _____   ___   ___  
 |_   _| | __| / __| |_   _|   / __| |_   _|   /_\   | _ \ |_   _| | __| |   \ 
   | |   | _|  \__ \   | |     \__ \   | |    / _ \  |   /   | |   | _|  | |) |
   |_|   |___| |___/   |_|     |___/   |_|   /_/ \_\ |_|_\   |_|   |___| |___/ 

PM2_API_A_02 Add Plant with Missing Name(plant-management-api;pm2-api-a-02-add-plant-with-missing-name)
--------------------------------------------------------------------------------
16:48:30.776 [ForkJoinPool-2-worker-1] INFO  n.t.m.logging.ConsoleLoggingListener - 
  _____   ___   ___   _____     ___     _     ___   ___   ___   ___  
 |_   _| | __| / __| |_   _|   | _ \   /_\   / __| / __| | __| |   \ 
   | |   | _|  \__ \   | |     |  _/  / _ \  \__ \ \__ \ | _|  | |) |
   |_|   |___| |___/   |_|     |_|   /_/ \_\ |___/ |___/ |___| |___/ 

PM2_API_A_02 Add Plant with Missing Name
----------------------------------------------------------------------
16:48:30.796 [ForkJoinPool-2-worker-1] INFO  n.t.m.logging.ConsoleLoggingListener - 
  _____   ___   ___   _____     ___   _____     _     ___   _____   ___   ___  
 |_   _| | __| / __| |_   _|   / __| |_   _|   /_\   | _ \ |_   _| | __| |   \ 
   | |   | _|  \__ \   | |     \__ \   | |    / _ \  |   /   | |   | _|  | |) |
   |_|   |___| |___/   |_|     |___/   |_|   /_/ \_\ |_|_\   |_|   |___| |___/ 

PM2_API_A_03 Add Plant with Invalid Category(plant-management-api;pm2-api-a-03-add-plant-with-invalid-category)
--------------------------------------------------------------------------------
16:48:30.797 [ForkJoinPool-2-worker-1] INFO  n.t.m.logging.ConsoleLoggingListener - 
  _____   ___   ___   _____     ___     _     ___   ___   ___   ___  
 |_   _| | __| / __| |_   _|   | _ \   /_\   / __| / __| | __| |   \ 
   | |   | _|  \__ \   | |     |  _/  / _ \  \__ \ \__ \ | _|  | |) |
   |_|   |___| |___/   |_|     |_|   /_/ \_\ |___/ |___/ |___| |___/ 

PM2_API_A_03 Add Plant with Invalid Category
----------------------------------------------------------------------
16:48:30.820 [ForkJoinPool-2-worker-1] INFO  n.t.m.logging.ConsoleLoggingListener - 
  _____   ___   ___   _____     ___   _____     _     ___   _____   ___   ___  
 |_   _| | __| / __| |_   _|   / __| |_   _|   /_\   | _ \ |_   _| | __| |   \ 
   | |   | _|  \__ \   | |     \__ \   | |    / _ \  |   /   | |   | _|  | |) |
   |_|   |___| |___/   |_|     |___/   |_|   /_/ \_\ |_|_\   |_|   |___| |___/ 

PM2_API_A_04 Add Plant with Price Invalid(plant-management-api;pm2-api-a-04-add-plant-with-price-invalid)
--------------------------------------------------------------------------------
16:48:30.820 [ForkJoinPool-2-worker-1] INFO  n.t.m.logging.ConsoleLoggingListener - 
  _____   ___   ___   _____     ___     _     ___   ___   ___   ___  
 |_   _| | __| / __| |_   _|   | _ \   /_\   / __| / __| | __| |   \ 
   | |   | _|  \__ \   | |     |  _/  / _ \  \__ \ \__ \ | _|  | |) |
   |_|   |___| |___/   |_|     |_|   /_/ \_\ |___/ |___/ |___| |___/ 

PM2_API_A_04 Add Plant with Price Invalid
----------------------------------------------------------------------
16:48:30.834 [ForkJoinPool-2-worker-1] INFO  n.t.m.logging.ConsoleLoggingListener - 
  _____   ___   ___   _____     ___   _____     _     ___   _____   ___   ___  
 |_   _| | __| / __| |_   _|   / __| |_   _|   /_\   | _ \ |_   _| | __| |   \ 
   | |   | _|  \__ \   | |     \__ \   | |    / _ \  |   /   | |   | _|  | |) |
   |_|   |___| |___/   |_|     |___/   |_|   /_/ \_\ |_|_\   |_|   |___| |___/ 

PM2_API_A_05 Edit Plant(plant-management-api;pm2-api-a-05-edit-plant)
--------------------------------------------------------------------------------
16:48:30.852 [ForkJoinPool-2-worker-1] INFO  n.t.m.logging.ConsoleLoggingListener - 
  _____   ___   ___   _____     ___   _____     _     ___   _____   ___   ___  
 |_   _| | __| / __| |_   _|   / __| |_   _|   /_\   | _ \ |_   _| | __| |   \ 
   | |   | _|  \__ \   | |     \__ \   | |    / _ \  |   /   | |   | _|  | |) |
   |_|   |___| |___/   |_|     |___/   |_|   /_/ \_\ |_|_\   |_|   |___| |___/ 

PM2_API_U_02 Deny Plant Update (Non-Admin)(plant-management-api;pm2-api-u-02-deny-plant-update-(non-admin))
--------------------------------------------------------------------------------
16:48:30.854 [ForkJoinPool-2-worker-1] INFO  n.t.m.logging.ConsoleLoggingListener - 
  _____   ___   ___   _____     ___     _     ___   ___   ___   ___  
 |_   _| | __| / __| |_   _|   | _ \   /_\   / __| / __| | __| |   \ 
   | |   | _|  \__ \   | |     |  _/  / _ \  \__ \ \__ \ | _|  | |) |
   |_|   |___| |___/   |_|     |_|   /_/ \_\ |___/ |___/ |___| |___/ 

PM2_API_U_02 Deny Plant Update (Non-Admin)
----------------------------------------------------------------------
16:48:30.867 [ForkJoinPool-2-worker-1] INFO  n.t.m.logging.ConsoleLoggingListener - 
  _____   ___   ___   _____     ___   _____     _     ___   _____   ___   ___  
 |_   _| | __| / __| |_   _|   / __| |_   _|   /_\   | _ \ |_   _| | __| |   \ 
   | |   | _|  \__ \   | |     \__ \   | |    / _ \  |   /   | |   | _|  | |) |
   |_|   |___| |___/   |_|     |___/   |_|   /_/ \_\ |_|_\   |_|   |___| |___/ 

PM2_API_U_03 Deny Plant Deletion (Non-Admin)(plant-management-api;pm2-api-u-03-deny-plant-deletion-(non-admin))
--------------------------------------------------------------------------------
16:48:30.867 [ForkJoinPool-2-worker-1] INFO  n.t.m.logging.ConsoleLoggingListener - 
  _____   ___   ___   _____     ___     _     ___   ___   ___   ___  
 |_   _| | __| / __| |_   _|   | _ \   /_\   / __| / __| | __| |   \ 
   | |   | _|  \__ \   | |     |  _/  / _ \  \__ \ \__ \ | _|  | |) |
   |_|   |___| |___/   |_|     |_|   /_/ \_\ |___/ |___/ |___| |___/ 

PM2_API_U_03 Deny Plant Deletion (Non-Admin)
----------------------------------------------------------------------
16:48:30.881 [ForkJoinPool-2-worker-1] INFO  n.t.m.logging.ConsoleLoggingListener - 
  _____   ___   ___   _____     ___   _____     _     ___   _____   ___   ___  
 |_   _| | __| / __| |_   _|   / __| |_   _|   /_\   | _ \ |_   _| | __| |   \ 
   | |   | _|  \__ \   | |     \__ \   | |    / _ \  |   /   | |   | _|  | |) |
   |_|   |___| |___/   |_|     |___/   |_|   /_/ \_\ |_|_\   |_|   |___| |___/ 

PM2_API_U_01 Deny Plant Creation (Non-Admin)(plant-management-api;pm2-api-u-01-deny-plant-creation-(non-admin))
--------------------------------------------------------------------------------
16:48:30.884 [ForkJoinPool-2-worker-1] INFO  n.t.m.logging.ConsoleLoggingListener - 
  _____   ___   ___   _____     ___     _     ___   ___   ___   ___  
 |_   _| | __| / __| |_   _|   | _ \   /_\   / __| / __| | __| |   \ 
   | |   | _|  \__ \   | |     |  _/  / _ \  \__ \ \__ \ | _|  | |) |
   |_|   |___| |___/   |_|     |_|   /_/ \_\ |___/ |___/ |___| |___/ 

PM2_API_U_01 Deny Plant Creation (Non-Admin)
----------------------------------------------------------------------
16:48:30.896 [ForkJoinPool-2-worker-1] INFO  n.t.m.logging.ConsoleLoggingListener - 
  _____   ___   ___   _____     ___   _____     _     ___   _____   ___   ___  
 |_   _| | __| / __| |_   _|   / __| |_   _|   /_\   | _ \ |_   _| | __| |   \ 
   | |   | _|  \__ \   | |     \__ \   | |    / _ \  |   /   | |   | _|  | |) |
   |_|   |___| |___/   |_|     |___/   |_|   /_/ \_\ |_|_\   |_|   |___| |___/ 

PM2_API_U_04 Deny Plant Creation under SubCategory (Non-Admin)(plant-management-api;pm2-api-u-04-deny-plant-creation-under-subcategory-(non-admin))
--------------------------------------------------------------------------------
16:48:30.897 [ForkJoinPool-2-worker-1] INFO  n.t.m.logging.ConsoleLoggingListener - 
  _____   ___   ___   _____     ___     _     ___   ___   ___   ___  
 |_   _| | __| / __| |_   _|   | _ \   /_\   / __| / __| | __| |   \ 
   | |   | _|  \__ \   | |     |  _/  / _ \  \__ \ \__ \ | _|  | |) |
   |_|   |___| |___/   |_|     |_|   /_/ \_\ |___/ |___/ |___| |___/ 

PM2_API_U_04 Deny Plant Creation under SubCategory (Non-Admin)
----------------------------------------------------------------------
16:48:30.908 [ForkJoinPool-2-worker-1] INFO  n.t.m.logging.ConsoleLoggingListener - 
  _____   ___   ___   _____     ___   _____     _     ___   _____   ___   ___  
 |_   _| | __| / __| |_   _|   / __| |_   _|   /_\   | _ \ |_   _| | __| |   \ 
   | |   | _|  \__ \   | |     \__ \   | |    / _ \  |   /   | |   | _|  | |) |
   |_|   |___| |___/   |_|     |___/   |_|   /_/ \_\ |_|_\   |_|   |___| |___/ 

PM2_API_U_05 Deny Request without Token(plant-management-api;pm2-api-u-05-deny-request-without-token)
--------------------------------------------------------------------------------
16:48:30.908 [ForkJoinPool-2-worker-1] INFO  n.t.m.logging.ConsoleLoggingListener - 
  _____   ___   ___   _____     ___     _     ___   ___   ___   ___  
 |_   _| | __| / __| |_   _|   | _ \   /_\   / __| / __| | __| |   \ 
   | |   | _|  \__ \   | |     |  _/  / _ \  \__ \ \__ \ | _|  | |) |
   |_|   |___| |___/   |_|     |_|   /_/ \_\ |___/ |___/ |___| |___/ 

PM2_API_U_05 Deny Request without Token
----------------------------------------------------------------------
Feb 06, 2026 4:48:31 PM org.junit.platform.launcher.core.DiscoveryIssueNotifier logIssues
WARNING: TestEngine with ID 'cucumber' encountered a non-critical issue during test discovery:

(1) [WARNING] Discovering tests using the cucumber.features property. Other discovery selectors are ignored!

This is a work around for the limited JUnit 5 support in Maven and Gradle. Please request/upvote/sponsor/ect better support for JUnit 5 discovery selectors. For details see: https://github.com/cucumber/cucumber-jvm/pull/2498

If you are using the JUnit 5 Suite Engine, Platform Launcher API or Console Launcher you should not use this property. Please consult the JUnit 5 documentation on test selection.
[ERROR] Tests run: 10, Failures: 1, Errors: 0, Skipped: 0, Time elapsed: 2.527 s <<< FAILURE! -- in io.cucumber.junit.platform.engine.CucumberTestEngine
[ERROR] Plant Management API.PM2_API_A_05 Edit Plant -- Time elapsed: 0.505 s <<< FAILURE!
java.lang.AssertionError: 
1 expectation failed.
Expected status code <200> but was <500>.

	at java.base/java.lang.reflect.Constructor.newInstanceWithCaller(Constructor.java:502)
	at java.base/java.lang.reflect.Constructor.newInstance(Constructor.java:486)
	at org.codehaus.groovy.reflection.CachedConstructor.invoke(CachedConstructor.java:73)
	at org.codehaus.groovy.reflection.CachedConstructor.doConstructorInvoke(CachedConstructor.java:60)
	at org.codehaus.groovy.runtime.callsite.ConstructorSite$ConstructorSiteNoUnwrap.callConstructor(ConstructorSite.java:86)
	at org.codehaus.groovy.runtime.callsite.AbstractCallSite.callConstructor(AbstractCallSite.java:277)
	at io.restassured.internal.ResponseSpecificationImpl$HamcrestAssertionClosure.validate(ResponseSpecificationImpl.groovy:512)
	at io.restassured.internal.ResponseSpecificationImpl$HamcrestAssertionClosure$validate$7.call(Unknown Source)
	at io.restassured.internal.ResponseSpecificationImpl.validateResponseIfRequired(ResponseSpecificationImpl.groovy:696)
	at io.restassured.internal.ResponseSpecificationImpl.this$2$validateResponseIfRequired(ResponseSpecificationImpl.groovy)
	at java.base/java.lang.reflect.Method.invoke(Method.java:580)
	at org.codehaus.groovy.runtime.callsite.PlainObjectMetaMethodSite.doInvoke(PlainObjectMetaMethodSite.java:43)
	at org.codehaus.groovy.runtime.callsite.PogoMetaMethodSite$PogoCachedMethodSiteNoUnwrapNoCoerce.invoke(PogoMetaMethodSite.java:198)
	at org.codehaus.groovy.runtime.callsite.PogoMetaMethodSite.callCurrent(PogoMetaMethodSite.java:62)
	at org.codehaus.groovy.runtime.callsite.AbstractCallSite.callCurrent(AbstractCallSite.java:185)
	at io.restassured.internal.ResponseSpecificationImpl.statusCode(ResponseSpecificationImpl.groovy:135)
	at io.restassured.specification.ResponseSpecification$statusCode$3.callCurrent(Unknown Source)
	at io.restassured.internal.ResponseSpecificationImpl.statusCode(ResponseSpecificationImpl.groovy:143)
	at io.restassured.internal.ValidatableResponseOptionsImpl.statusCode(ValidatableResponseOptionsImpl.java:89)
	at steps.api.plants.PlantSteps.verifyHTTPStatusCodeIs(PlantSteps.java:258)
	at ?.Verify HTTP status code is 200(file:///D:/uni/sem%207/IS%203440%20-%20Group%20Assignment/IS%203440%20-%20Group%20Assignment/Automation/ITFac_Batch21_Group58/src/test/resources/features/api/plants/plants_api.feature:43)

[INFO] Tests run: 0, Failures: 0, Errors: 0, Skipped: 0, Time elapsed: 2.800 s -- in starter.CucumberTestSuite
Feb 06, 2026 4:48:31 PM org.junit.platform.launcher.core.DiscoveryIssueNotifier logIssues
WARNING: TestEngine with ID 'junit-platform-suite' encountered a non-critical issue during test discovery:

(1) [WARNING] [cucumber] Discovering tests using the cucumber.features property. Other discovery selectors are ignored!

This is a work around for the limited JUnit 5 support in Maven and Gradle. Please request/upvote/sponsor/ect better support for JUnit 5 discovery selectors. For details see: https://github.com/cucumber/cucumber-jvm/pull/2498

If you are using the JUnit 5 Suite Engine, Platform Launcher API or Console Launcher you should not use this property. Please consult the JUnit 5 documentation on test selection (via @Suite starter.CucumberTestSuite).
[INFO] 
[INFO] Results:
[INFO] 
[ERROR] Failures: 
[ERROR] Plant Management API.PM2_API_A_05 Edit Plant
[ERROR]   Run 1: 1 expectation failed.
Expected status code <200> but was <500>.

[ERROR]   Run 2: 1 expectation failed.
Expected status code <200> but was <500>.

[INFO] 
[INFO] 
[ERROR] Tests run: 19, Failures: 1, Errors: 0, Skipped: 0
[INFO] 
[INFO] 
[INFO] --- serenity:5.0.4:aggregate (serenity-reports) @ cucumber-starter ---
[INFO] GENERATING REPORTS FOR: D:\uni\sem 7\IS 3440 - Group Assignment\IS 3440 - Group Assignment\Automation\ITFac_Batch21_Group58
[INFO] GENERATING REPORTS USING 16 THREADS
[INFO] 
[INFO] ------------------------------------------------------------------------
[INFO] Serenity BDD Test Results
[INFO]   - Report guide: https://serenity-bdd.github.io
[INFO]   - Results: 22 tests | 19 passed | 3 failed | 0 errors | 0 compromised | 0 pending | 0 aborted
[INFO]   - Issues detected:
[INFO]     - Failed      : 3
[INFO] ------------------------------------------------------------------------
[INFO] 
[INFO] Generating Serenity BDD Reports
[INFO]   ? Summary reports
[INFO]   ? Requirements reports
[INFO]   ? Result reports
[INFO]   ? Error reports
[INFO] 
[INFO] Reports generated in 2.4 secs
[INFO] 
[INFO] ? Interactive Report: file:///D:/uni/sem%207/IS%203440%20-%20Group%20Assignment/IS%203440%20-%20Group%20Assignment/Automation/ITFac_Batch21_Group58/target/site/serenity/index.html
[INFO] ? Single Page HTML Summary: file:///D:/uni/sem%207/IS%203440%20-%20Group%20Assignment/IS%203440%20-%20Group%20Assignment/Automation/ITFac_Batch21_Group58/target/site/serenity/serenity-summary.html
[INFO] 
[INFO] --- failsafe:3.1.2:verify (default) @ cucumber-starter ---
[WARNING]  Parameter 'encoding' (user property 'encoding') is deprecated: since of 2.20.1
[INFO] ------------------------------------------------------------------------
[INFO] BUILD FAILURE
[INFO] ------------------------------------------------------------------------
[INFO] Total time:  22.946 s
[INFO] Finished at: 2026-02-06T16:48:36+05:30
[INFO] ------------------------------------------------------------------------
[ERROR] Failed to execute goal org.apache.maven.plugins:maven-failsafe-plugin:3.1.2:verify (default) on project cucumber-starter: There are test failures.
[ERROR] 
[ERROR] Please refer to D:\uni\sem 7\IS 3440 - Group Assignment\IS 3440 - Group Assignment\Automation\ITFac_Batch21_Group58\target\failsafe-reports for the individual test results.
[ERROR] Please refer to dump files (if any exist) [date].dump, [date]-jvmRun[N].dump and [date].dumpstream.
[ERROR] -> [Help 1]
[ERROR] 
[ERROR] To see the full stack trace of the errors, re-run Maven with the -e switch.
[ERROR] Re-run Maven using the -X switch to enable full debug logging.
[ERROR] 
[ERROR] For more information about the errors and possible solutions, please read the following articles:
[ERROR] [Help 1] http://cwiki.apache.org/confluence/display/MAVEN/MojoFailureException
