[INFO] Scanning for projects...
[INFO] 
[INFO] --------------< net.serenitybdd.starter:cucumber-starter >--------------
[INFO] Building Sample Serenity BDD project using Cucumber 1.0.0-SNAPSHOT
[INFO]   from pom.xml
[INFO] --------------------------------[ jar ]---------------------------------
[INFO] 
[INFO] --- resources:3.3.1:resources (default-resources) @ cucumber-starter ---
[INFO] skip non existing resourceDirectory D:\uni\sem 7\IS 3440 - Group Assignment\IS 3440 - Group Assignment\Automation\ITFac_Batch21_Group58\src\main\resources
[INFO] 
[INFO] --- compiler:3.8.1:compile (default-compile) @ cucumber-starter ---
[INFO] Nothing to compile - all classes are up to date
[INFO] 
[INFO] --- resources:3.3.1:testResources (default-testResources) @ cucumber-starter ---
[INFO] Copying 5 resources from src\test\resources to target\test-classes
[INFO] 
[INFO] --- compiler:3.8.1:testCompile (default-testCompile) @ cucumber-starter ---
[INFO] Changes detected - recompiling the module!
[INFO] Compiling 26 source files to D:\uni\sem 7\IS 3440 - Group Assignment\IS 3440 - Group Assignment\Automation\ITFac_Batch21_Group58\target\test-classes
[INFO] 
[INFO] --- surefire:3.1.2:test (default-test) @ cucumber-starter ---
[INFO] Tests are skipped.
[INFO] 
[INFO] --- jar:3.4.1:jar (default-jar) @ cucumber-starter ---
[WARNING] JAR will be empty - no content was marked for inclusion!
[INFO] 
[INFO] --- failsafe:3.1.2:integration-test (default) @ cucumber-starter ---
[INFO] Using auto detected provider org.apache.maven.surefire.junitplatform.JUnitPlatformProvider
[INFO] 
[INFO] -------------------------------------------------------
[INFO]  T E S T S
[INFO] -------------------------------------------------------
Feb 06, 2026 4:33:46 PM org.junit.platform.launcher.core.DiscoveryIssueNotifier logIssues
WARNING: TestEngine with ID 'cucumber' encountered a non-critical issue during test discovery:

(1) [WARNING] Discovering tests using the cucumber.features property. Other discovery selectors are ignored!

This is a work around for the limited JUnit 5 support in Maven and Gradle. Please request/upvote/sponsor/ect better support for JUnit 5 discovery selectors. For details see: https://github.com/cucumber/cucumber-jvm/pull/2498

If you are using the JUnit 5 Suite Engine, Platform Launcher API or Console Launcher you should not use this property. Please consult the JUnit 5 documentation on test selection.
Feb 06, 2026 4:33:46 PM org.junit.platform.launcher.core.DiscoveryIssueNotifier logIssues
WARNING: TestEngine with ID 'junit-platform-suite' encountered a non-critical issue during test discovery:

(1) [WARNING] [cucumber] Discovering tests using the cucumber.features property. Other discovery selectors are ignored!

This is a work around for the limited JUnit 5 support in Maven and Gradle. Please request/upvote/sponsor/ect better support for JUnit 5 discovery selectors. For details see: https://github.com/cucumber/cucumber-jvm/pull/2498

If you are using the JUnit 5 Suite Engine, Platform Launcher API or Console Launcher you should not use this property. Please consult the JUnit 5 documentation on test selection (via @Suite starter.CucumberTestSuite).
[INFO] Running io.cucumber.junit.platform.engine.CucumberTestEngine
16:33:48.436 [ForkJoinPool-1-worker-4] INFO  n.thucydides.core.steps.StepEventBus - Loading JUnit Platform configuration parameters from classpath resource [junit-platform.properties].
16:33:51.973 [ForkJoinPool-1-worker-1] INFO  n.s.r.d.r.RequestSpecificationDecorated - No BaseStepListener, POST /auth/login not registered.
16:33:51.973 [ForkJoinPool-1-worker-3] INFO  n.s.r.d.r.RequestSpecificationDecorated - No BaseStepListener, POST /auth/login not registered.
16:33:51.973 [ForkJoinPool-1-worker-2] INFO  n.s.r.d.r.RequestSpecificationDecorated - No BaseStepListener, POST /auth/login not registered.
16:33:51.973 [ForkJoinPool-1-worker-4] INFO  n.s.r.d.r.RequestSpecificationDecorated - No BaseStepListener, POST /auth/login not registered.
Probing for valid sub-category and parent category IDs...
Probing for valid sub-category and parent category IDs...
Probing for valid sub-category and parent category IDs...
Probing for valid sub-category and parent category IDs...
16:33:52.474 [ForkJoinPool-1-worker-4] INFO  n.s.r.d.r.RequestSpecificationDecorated - No BaseStepListener, POST /plants/category/1 not registered.
16:33:52.474 [ForkJoinPool-1-worker-3] INFO  n.s.r.d.r.RequestSpecificationDecorated - No BaseStepListener, POST /plants/category/1 not registered.
Found Parent Category ID: 1
16:33:52.475 [ForkJoinPool-1-worker-1] INFO  n.s.r.d.r.RequestSpecificationDecorated - No BaseStepListener, POST /plants/category/1 not registered.
Found Parent Category ID: 1
Found Parent Category ID: 1
16:33:52.475 [ForkJoinPool-1-worker-2] INFO  n.s.r.d.r.RequestSpecificationDecorated - No BaseStepListener, POST /plants/category/1 not registered.
Found Parent Category ID: 1
16:33:52.646 [ForkJoinPool-1-worker-2] INFO  n.s.r.d.r.RequestSpecificationDecorated - No BaseStepListener, POST /plants/category/2 not registered.
Found Valid Sub-Category ID: 2
16:33:52.684 [ForkJoinPool-1-worker-4] INFO  n.s.r.d.r.RequestSpecificationDecorated - No BaseStepListener, POST /plants/category/2 not registered.
Found Valid Sub-Category ID: 2
16:33:52.731 [ForkJoinPool-1-worker-3] INFO  n.s.r.d.r.RequestSpecificationDecorated - No BaseStepListener, POST /plants/category/2 not registered.
Found Valid Sub-Category ID: 2
16:33:52.742 [ForkJoinPool-1-worker-1] INFO  n.s.r.d.r.RequestSpecificationDecorated - No BaseStepListener, POST /plants/category/2 not registered.
Found Valid Sub-Category ID: 2
16:33:52.753 [ForkJoinPool-1-worker-2] INFO  n.s.r.d.r.RequestSpecificationDecorated - No BaseStepListener, POST /plants/category/2 not registered.
16:33:52.762 [ForkJoinPool-1-worker-4] INFO  n.s.r.d.r.RequestSpecificationDecorated - No BaseStepListener, POST /plants/category/1 not registered.
16:33:52.828 [ForkJoinPool-1-worker-3] INFO  n.s.r.d.r.RequestSpecificationDecorated - No BaseStepListener, POST /plants/category/2 not registered.
16:33:52.929 [ForkJoinPool-1-worker-1] INFO  n.s.r.d.r.RequestSpecificationDecorated - No BaseStepListener, POST /plants/category/2 not registered.
16:33:53.063 [ForkJoinPool-1-worker-1] INFO  n.s.r.d.r.RequestSpecificationDecorated - No BaseStepListener, PUT /plants/57 not registered.
16:33:53.091 [ForkJoinPool-1-worker-3] INFO  n.s.r.d.r.RequestSpecificationDecorated - No BaseStepListener, POST /auth/login not registered.
16:33:53.097 [ForkJoinPool-1-worker-1] INFO  n.s.r.d.r.RequestSpecificationDecorated - No BaseStepListener, DELETE /plants/57 not registered.
Probing for valid sub-category and parent category IDs...
16:33:53.121 [ForkJoinPool-1-worker-4] INFO  n.s.r.d.r.RequestSpecificationDecorated - No BaseStepListener, POST /auth/login not registered.
Probing for valid sub-category and parent category IDs...
16:33:53.175 [ForkJoinPool-1-worker-3] INFO  n.s.r.d.r.RequestSpecificationDecorated - No BaseStepListener, POST /plants/category/1 not registered.
Found Parent Category ID: 1
16:33:53.210 [ForkJoinPool-1-worker-4] INFO  n.s.r.d.r.RequestSpecificationDecorated - No BaseStepListener, POST /plants/category/1 not registered.
Found Parent Category ID: 1
16:33:53.277 [ForkJoinPool-1-worker-3] INFO  n.s.r.d.r.RequestSpecificationDecorated - No BaseStepListener, POST /plants/category/2 not registered.
Found Valid Sub-Category ID: 2
16:33:53.305 [ForkJoinPool-1-worker-2] INFO  n.s.r.d.r.RequestSpecificationDecorated - No BaseStepListener, POST /auth/login not registered.
16:33:53.315 [ForkJoinPool-1-worker-3] INFO  n.s.r.d.r.RequestSpecificationDecorated - No BaseStepListener, POST /plants/category/2 not registered.
Probing for valid sub-category and parent category IDs...
16:33:53.341 [ForkJoinPool-1-worker-4] INFO  n.s.r.d.r.RequestSpecificationDecorated - No BaseStepListener, POST /plants/category/2 not registered.
Found Valid Sub-Category ID: 2
16:33:53.386 [ForkJoinPool-1-worker-2] INFO  n.s.r.d.r.RequestSpecificationDecorated - No BaseStepListener, POST /plants/category/1 not registered.
Found Parent Category ID: 1
16:33:53.433 [ForkJoinPool-1-worker-1] INFO  n.s.r.d.r.RequestSpecificationDecorated - No BaseStepListener, POST /auth/login not registered.
Probing for valid sub-category and parent category IDs...
16:33:53.572 [ForkJoinPool-1-worker-4] INFO  n.s.r.d.r.RequestSpecificationDecorated - No BaseStepListener, POST /plants/category/2 not registered.
16:33:53.573 [ForkJoinPool-1-worker-2] INFO  n.s.r.d.r.RequestSpecificationDecorated - No BaseStepListener, POST /plants/category/2 not registered.
Found Valid Sub-Category ID: 2
16:33:53.580 [ForkJoinPool-1-worker-3] INFO  n.s.r.d.r.RequestSpecificationDecorated - No BaseStepListener, POST /auth/login not registered.
Probing for valid sub-category and parent category IDs...
16:33:53.649 [ForkJoinPool-1-worker-1] INFO  n.s.r.d.r.RequestSpecificationDecorated - No BaseStepListener, POST /plants/category/1 not registered.
16:33:53.657 [ForkJoinPool-1-worker-2] INFO  n.s.r.d.r.RequestSpecificationDecorated - No BaseStepListener, POST /plants/category/2 not registered.
Failed to setup Valid Plant ID. Status: 403
HTTP/1.1 403 
Set-Cookie: JSESSIONID=AD29B1618CDD8F569D264A65836D8654; Path=/; HttpOnly
X-Content-Type-Options: nosniff
X-XSS-Protection: 0
Cache-Control: no-cache, no-store, max-age=0, must-revalidate
Pragma: no-cache
Expires: 0
X-Frame-Options: DENY
Content-Type: application/json
Transfer-Encoding: chunked
Date: Fri, 06 Feb 2026 11:03:52 GMT
Keep-Alive: timeout=60
Connection: keep-alive

{
    "timestamp": "2026-02-06T11:03:53.654+00:00",
    "status": 403,
    "error": "Forbidden",
    "path": "/api/plants/category/2"
}
16:33:53.684 [ForkJoinPool-1-worker-3] INFO  n.s.r.d.r.RequestSpecificationDecorated - No BaseStepListener, POST /plants/category/1 not registered.
Found Parent Category ID: 1
16:33:53.720 [ForkJoinPool-1-worker-4] INFO  n.s.r.d.r.RequestSpecificationDecorated - No BaseStepListener, PUT /plants/60 not registered.
16:33:53.794 [ForkJoinPool-1-worker-3] INFO  n.s.r.d.r.RequestSpecificationDecorated - No BaseStepListener, POST /plants/category/2 not registered.
Found Valid Sub-Category ID: 2
16:33:53.796 [ForkJoinPool-1-worker-1] INFO  n.s.r.d.r.RequestSpecificationDecorated - No BaseStepListener, POST /plants/category/2 not registered.
Found Valid Sub-Category ID: 2
16:33:53.859 [ForkJoinPool-1-worker-1] INFO  n.s.r.d.r.RequestSpecificationDecorated - No BaseStepListener, POST /plants/category/3 not registered.
16:33:53.900 [ForkJoinPool-1-worker-1] INFO  n.s.r.d.r.RequestSpecificationDecorated - No BaseStepListener, POST /plants/category/4 not registered.
16:33:53.906 [ForkJoinPool-1-worker-3] INFO  n.s.r.d.r.RequestSpecificationDecorated - No BaseStepListener, POST /plants/category/2 not registered.
16:33:53.941 [ForkJoinPool-1-worker-1] INFO  n.s.r.d.r.RequestSpecificationDecorated - No BaseStepListener, POST /plants/category/5 not registered.
16:33:53.983 [ForkJoinPool-1-worker-1] INFO  n.s.r.d.r.RequestSpecificationDecorated - No BaseStepListener, POST /plants/category/6 not registered.
16:33:54.021 [ForkJoinPool-1-worker-1] INFO  n.s.r.d.r.RequestSpecificationDecorated - No BaseStepListener, POST /plants/category/7 not registered.
16:33:54.057 [ForkJoinPool-1-worker-2] INFO  n.s.r.d.r.RequestSpecificationDecorated - No BaseStepListener, POST /auth/login not registered.
Probing for valid sub-category and parent category IDs...
16:33:54.084 [ForkJoinPool-1-worker-1] INFO  n.s.r.d.r.RequestSpecificationDecorated - No BaseStepListener, POST /plants/category/8 not registered.
16:33:54.109 [ForkJoinPool-1-worker-2] INFO  n.s.r.d.r.RequestSpecificationDecorated - No BaseStepListener, POST /plants/category/1 not registered.
16:33:54.114 [ForkJoinPool-1-worker-1] INFO  n.s.r.d.r.RequestSpecificationDecorated - No BaseStepListener, POST /plants/category/9 not registered.
16:33:54.141 [ForkJoinPool-1-worker-2] INFO  n.s.r.d.r.RequestSpecificationDecorated - No BaseStepListener, POST /plants/category/2 not registered.
16:33:54.145 [ForkJoinPool-1-worker-1] INFO  n.s.r.d.r.RequestSpecificationDecorated - No BaseStepListener, POST /plants/category/10 not registered.
16:33:54.175 [ForkJoinPool-1-worker-2] INFO  n.s.r.d.r.RequestSpecificationDecorated - No BaseStepListener, POST /plants/category/3 not registered.
16:33:54.175 [ForkJoinPool-1-worker-1] INFO  n.s.r.d.r.RequestSpecificationDecorated - No BaseStepListener, POST /plants/category/11 not registered.
16:33:54.204 [ForkJoinPool-1-worker-1] INFO  n.s.r.d.r.RequestSpecificationDecorated - No BaseStepListener, POST /plants/category/12 not registered.
16:33:54.204 [ForkJoinPool-1-worker-2] INFO  n.s.r.d.r.RequestSpecificationDecorated - No BaseStepListener, POST /plants/category/4 not registered.
16:33:54.232 [ForkJoinPool-1-worker-1] INFO  n.s.r.d.r.RequestSpecificationDecorated - No BaseStepListener, POST /plants/category/13 not registered.
16:33:54.233 [ForkJoinPool-1-worker-2] INFO  n.s.r.d.r.RequestSpecificationDecorated - No BaseStepListener, POST /plants/category/5 not registered.
16:33:54.266 [ForkJoinPool-1-worker-1] INFO  n.s.r.d.r.RequestSpecificationDecorated - No BaseStepListener, POST /plants/category/14 not registered.
16:33:54.266 [ForkJoinPool-1-worker-2] INFO  n.s.r.d.r.RequestSpecificationDecorated - No BaseStepListener, POST /plants/category/6 not registered.
16:33:54.296 [ForkJoinPool-1-worker-2] INFO  n.s.r.d.r.RequestSpecificationDecorated - No BaseStepListener, POST /plants/category/7 not registered.
16:33:54.296 [ForkJoinPool-1-worker-1] INFO  n.s.r.d.r.RequestSpecificationDecorated - No BaseStepListener, POST /plants/category/15 not registered.
16:33:54.322 [ForkJoinPool-1-worker-2] INFO  n.s.r.d.r.RequestSpecificationDecorated - No BaseStepListener, POST /plants/category/8 not registered.
16:33:54.346 [ForkJoinPool-1-worker-2] INFO  n.s.r.d.r.RequestSpecificationDecorated - No BaseStepListener, POST /plants/category/9 not registered.
16:33:54.355 [ForkJoinPool-1-worker-1] INFO  n.s.r.d.r.RequestSpecificationDecorated - No BaseStepListener, POST /plants/category/16 not registered.
16:33:54.371 [ForkJoinPool-1-worker-2] INFO  n.s.r.d.r.RequestSpecificationDecorated - No BaseStepListener, POST /plants/category/10 not registered.
16:33:54.397 [ForkJoinPool-1-worker-1] INFO  n.s.r.d.r.RequestSpecificationDecorated - No BaseStepListener, POST /plants/category/17 not registered.
16:33:54.407 [ForkJoinPool-1-worker-2] INFO  n.s.r.d.r.RequestSpecificationDecorated - No BaseStepListener, POST /plants/category/11 not registered.
16:33:54.456 [ForkJoinPool-1-worker-1] INFO  n.s.r.d.r.RequestSpecificationDecorated - No BaseStepListener, POST /plants/category/18 not registered.
16:33:54.460 [ForkJoinPool-1-worker-2] INFO  n.s.r.d.r.RequestSpecificationDecorated - No BaseStepListener, POST /plants/category/12 not registered.
16:33:54.486 [ForkJoinPool-1-worker-1] INFO  n.s.r.d.r.RequestSpecificationDecorated - No BaseStepListener, POST /plants/category/19 not registered.
16:33:54.489 [ForkJoinPool-1-worker-2] INFO  n.s.r.d.r.RequestSpecificationDecorated - No BaseStepListener, POST /plants/category/13 not registered.
16:33:54.515 [ForkJoinPool-1-worker-1] INFO  n.s.r.d.r.RequestSpecificationDecorated - No BaseStepListener, POST /plants/category/20 not registered.
16:33:54.520 [ForkJoinPool-1-worker-2] INFO  n.s.r.d.r.RequestSpecificationDecorated - No BaseStepListener, POST /plants/category/14 not registered.
16:33:54.552 [ForkJoinPool-1-worker-1] INFO  n.s.r.d.r.RequestSpecificationDecorated - No BaseStepListener, POST /plants/category/2 not registered.
16:33:54.558 [ForkJoinPool-1-worker-2] INFO  n.s.r.d.r.RequestSpecificationDecorated - No BaseStepListener, POST /plants/category/15 not registered.
16:33:54.588 [ForkJoinPool-1-worker-2] INFO  n.s.r.d.r.RequestSpecificationDecorated - No BaseStepListener, POST /plants/category/16 not registered.
16:33:54.614 [ForkJoinPool-1-worker-2] INFO  n.s.r.d.r.RequestSpecificationDecorated - No BaseStepListener, POST /plants/category/17 not registered.
16:33:54.644 [ForkJoinPool-1-worker-2] INFO  n.s.r.d.r.RequestSpecificationDecorated - No BaseStepListener, POST /plants/category/18 not registered.
16:33:54.679 [ForkJoinPool-1-worker-2] INFO  n.s.r.d.r.RequestSpecificationDecorated - No BaseStepListener, POST /plants/category/19 not registered.
16:33:55.157 [ForkJoinPool-1-worker-2] INFO  n.s.r.d.r.RequestSpecificationDecorated - No BaseStepListener, POST /plants/category/20 not registered.
WARNING: Could not find any valid sub-category in IDs 1-20. Tests will likely fail.
16:33:55.176 [ForkJoinPool-1-worker-2] INFO  n.s.r.d.r.RequestSpecificationDecorated - No BaseStepListener, POST /plants/category/2 not registered.
Feb 06, 2026 4:33:55 PM org.junit.platform.launcher.core.DiscoveryIssueNotifier logIssues
WARNING: TestEngine with ID 'cucumber' encountered a non-critical issue during test discovery:

(1) [WARNING] Discovering tests using the cucumber.features property. Other discovery selectors are ignored!

This is a work around for the limited JUnit 5 support in Maven and Gradle. Please request/upvote/sponsor/ect better support for JUnit 5 discovery selectors. For details see: https://github.com/cucumber/cucumber-jvm/pull/2498

If you are using the JUnit 5 Suite Engine, Platform Launcher API or Console Launcher you should not use this property. Please consult the JUnit 5 documentation on test selection.
[ERROR] Tests run: 10, Failures: 1, Errors: 2, Skipped: 0, Time elapsed: 8.186 s <<< FAILURE! -- in io.cucumber.junit.platform.engine.CucumberTestEngine
[ERROR] Plant Management API.PM2_API_U_02 Deny Plant Update (Non-Admin) -- Time elapsed: 0.862 s <<< ERROR!
java.lang.NullPointerException: Cannot invoke "net.thucydides.model.util.EnvironmentVariables.getPropertiesWithPrefix(String)" because "environmentVariables" is null
	at net.serenitybdd.model.environment.EnvironmentSpecificConfiguration.environmentStrategyDefinedIn(EnvironmentSpecificConfiguration.java:344)
	at net.serenitybdd.model.environment.EnvironmentSpecificConfiguration.<init>(EnvironmentSpecificConfiguration.java:186)
	at net.serenitybdd.model.environment.EnvironmentSpecificConfiguration.from(EnvironmentSpecificConfiguration.java:340)
	at api.client.BaseApiClient.getBaseUrl(BaseApiClient.java:15)
	at api.client.BaseApiClient.getRequestSpec(BaseApiClient.java:21)
	at api.client.auth.AuthApiClient.login(AuthApiClient.java:15)
	at steps.api.plants.PlantSteps.iSwitchToNonAdminUser(PlantSteps.java:166)
	at ?.I switch to non-admin user(file:///D:/uni/sem%207/IS%203440%20-%20Group%20Assignment/IS%203440%20-%20Group%20Assignment/Automation/ITFac_Batch21_Group58/src/test/resources/features/api/plants/plants_api.feature:50)

[ERROR] Plant Management API.PM2_API_A_05 Edit Plant -- Time elapsed: 0.920 s <<< FAILURE!
java.lang.AssertionError: 
1 expectation failed.
Expected status code <200> but was <500>.

	at java.base/java.lang.reflect.Constructor.newInstanceWithCaller(Constructor.java:502)
	at java.base/java.lang.reflect.Constructor.newInstance(Constructor.java:486)
	at org.codehaus.groovy.reflection.CachedConstructor.invoke(CachedConstructor.java:73)
	at org.codehaus.groovy.reflection.CachedConstructor.doConstructorInvoke(CachedConstructor.java:60)
	at org.codehaus.groovy.runtime.callsite.ConstructorSite$ConstructorSiteNoUnwrap.callConstructor(ConstructorSite.java:86)
	at org.codehaus.groovy.runtime.callsite.CallSiteArray.defaultCallConstructor(CallSiteArray.java:57)
	at org.codehaus.groovy.runtime.callsite.AbstractCallSite.callConstructor(AbstractCallSite.java:263)
	at org.codehaus.groovy.runtime.callsite.AbstractCallSite.callConstructor(AbstractCallSite.java:277)
	at io.restassured.internal.ResponseSpecificationImpl$HamcrestAssertionClosure.validate(ResponseSpecificationImpl.groovy:512)
	at io.restassured.internal.ResponseSpecificationImpl$HamcrestAssertionClosure$validate$9.call(Unknown Source)
	at io.restassured.internal.ResponseSpecificationImpl.validateResponseIfRequired(ResponseSpecificationImpl.groovy:696)
	at io.restassured.internal.ResponseSpecificationImpl.this$2$validateResponseIfRequired(ResponseSpecificationImpl.groovy)
	at java.base/java.lang.reflect.Method.invoke(Method.java:580)
	at org.codehaus.groovy.runtime.callsite.PlainObjectMetaMethodSite.doInvoke(PlainObjectMetaMethodSite.java:43)
	at org.codehaus.groovy.runtime.callsite.PogoMetaMethodSite$PogoCachedMethodSiteNoUnwrapNoCoerce.invoke(PogoMetaMethodSite.java:198)
	at org.codehaus.groovy.runtime.callsite.PogoMetaMethodSite.callCurrent(PogoMetaMethodSite.java:62)
	at org.codehaus.groovy.runtime.callsite.AbstractCallSite.callCurrent(AbstractCallSite.java:185)
	at io.restassured.internal.ResponseSpecificationImpl.statusCode(ResponseSpecificationImpl.groovy:135)
	at io.restassured.specification.ResponseSpecification$statusCode$4.callCurrent(Unknown Source)
	at io.restassured.internal.ResponseSpecificationImpl.statusCode(ResponseSpecificationImpl.groovy:143)
	at io.restassured.internal.ValidatableResponseOptionsImpl.statusCode(ValidatableResponseOptionsImpl.java:89)
	at steps.api.plants.PlantSteps.verifyHTTPStatusCodeIs(PlantSteps.java:255)
	at ?.Verify HTTP status code is 200(file:///D:/uni/sem%207/IS%203440%20-%20Group%20Assignment/IS%203440%20-%20Group%20Assignment/Automation/ITFac_Batch21_Group58/src/test/resources/features/api/plants/plants_api.feature:43)

[ERROR] Plant Management API.PM2_API_U_03 Deny Plant Deletion (Non-Admin) -- Time elapsed: 0.592 s <<< ERROR!
java.lang.NullPointerException: Cannot invoke "net.thucydides.model.util.EnvironmentVariables.getPropertiesWithPrefix(String)" because "environmentVariables" is null
	at net.serenitybdd.model.environment.EnvironmentSpecificConfiguration.environmentStrategyDefinedIn(EnvironmentSpecificConfiguration.java:344)
	at net.serenitybdd.model.environment.EnvironmentSpecificConfiguration.<init>(EnvironmentSpecificConfiguration.java:186)
	at net.serenitybdd.model.environment.EnvironmentSpecificConfiguration.from(EnvironmentSpecificConfiguration.java:340)
	at api.client.BaseApiClient.getBaseUrl(BaseApiClient.java:15)
	at api.client.BaseApiClient.getRequestSpec(BaseApiClient.java:21)
	at api.client.auth.AuthApiClient.login(AuthApiClient.java:15)
	at steps.api.plants.PlantSteps.iSwitchToNonAdminUser(PlantSteps.java:166)
	at ?.I switch to non-admin user(file:///D:/uni/sem%207/IS%203440%20-%20Group%20Assignment/IS%203440%20-%20Group%20Assignment/Automation/ITFac_Batch21_Group58/src/test/resources/features/api/plants/plants_api.feature:59)

[INFO] Running starter.CucumberTestSuite
[INFO] Running io.cucumber.junit.platform.engine.CucumberTestEngine
16:33:55.864 [ForkJoinPool-2-worker-1] INFO  n.t.m.logging.ConsoleLoggingListener - 

-------------------------------------------------------------------------------------
     _______. _______ .______       _______ .__   __.  __  .___________.____    ____ 
    /       ||   ____||   _  \     |   ____||  \ |  | |  | |           |\   \  /   / 
   |   (----`|  |__   |  |_)  |    |  |__   |   \|  | |  | `---|  |----` \   \/   /  
    \   \    |   __|  |      /     |   __|  |  . `  | |  |     |  |       \_    _/   
.----)   |   |  |____ |  |\  \----.|  |____ |  |\   | |  |     |  |         |  |     
|_______/    |_______|| _| `._____||_______||__| \__| |__|     |__|         |__|    
                                                                                     
 News and tutorials at https://serenity-bdd.info                                     
 Documentation at https://serenity-bdd.github.io                                     
 Test Automation Training and Coaching: https://www.serenity-dojo.com                
 Commercial Support: https://www.serenity-dojo.com/serenity-bdd-enterprise-support   
 Join the Serenity Community on Gitter: https://gitter.im/serenity-bdd/serenity-core 
-------------------------------------------------------------------------------------

16:33:55.869 [ForkJoinPool-2-worker-1] INFO  n.t.m.logging.ConsoleLoggingListener - Test Suite Started: Plant Management API

@admin_auth
Scenario: PM2_API_U_05 Deny Request without Token        # src/test/resources/features/api/plants/plants_api.feature:80

@admin_auth
Scenario: PM2_API_A_02 Add Plant with Missing Name            # src/test/resources/features/api/plants/plants_api.feature:15

@admin_auth
Scenario: PM2_API_A_01 Add New Plant (Valid Data)                               # src/test/resources/features/api/plants/plants_api.feature:7

@admin_auth
Scenario: PM2_API_A_03 Add Plant with Invalid Category              # src/test/resources/features/api/plants/plants_api.feature:23
  ? Given the admin has a valid session                                         # steps.api.sales.SalesSteps.theAdminHasAValidSession()
  ? Given the admin has a valid session                  # steps.api.sales.SalesSteps.theAdminHasAValidSession()
  ? Given the admin has a valid session                             # steps.api.sales.SalesSteps.theAdminHasAValidSession()
  ? Given the admin has a valid session                       # steps.api.sales.SalesSteps.theAdminHasAValidSession()
Probing for valid sub-category and parent category IDs...
Probing for valid sub-category and parent category IDs...
Probing for valid sub-category and parent category IDs...
Probing for valid sub-category and parent category IDs...
Found Parent Category ID: 1
Found Parent Category ID: 1
Found Parent Category ID: 1
Found Parent Category ID: 1
Found Valid Sub-Category ID: 2
  ? And Valid sub-category exists                                   # steps.api.plants.PlantSteps.validSubCategoryExists()
  ? When Send POST request with category that is not a sub-category # steps.api.plants.PlantSteps.sendPOSTRequestWithInvalidCategory()
  ? Then Verify status code is 400                                  # steps.api.plants.PlantSteps.verifyStatusCodeIs(int)
  ? And API returns validation error and plant is not created       # steps.api.plants.PlantSteps.apiReturnsValidationErrorAndPlantIsNotCreated()
Found Valid Sub-Category ID: 2
  ? And Valid sub-category exists                                               # steps.api.plants.PlantSteps.validSubCategoryExists()

@admin_auth
Scenario: PM2_API_A_04 Add Plant with Price Invalid   # src/test/resources/features/api/plants/plants_api.feature:31
  ? When Send POST request with valid Name, Price, Quantity to valid category 3 # steps.api.plants.PlantSteps.sendPOSTRequestWithValidDataToCategory(int)
  ? Then Verify status code is 201                                              # steps.api.plants.PlantSteps.verifyStatusCodeIs(int)
  ? And API returns success and plant is created                                # steps.api.plants.PlantSteps.apiReturnsSuccessAndPlantIsCreated()

@admin_auth
Scenario: PM2_API_A_05 Edit Plant                                                     # src/test/resources/features/api/plants/plants_api.feature:39
  ? Given the admin has a valid session               # steps.api.sales.SalesSteps.theAdminHasAValidSession()
Probing for valid sub-category and parent category IDs...
Found Parent Category ID: 1
  ? Given the admin has a valid session                                               # steps.api.sales.SalesSteps.theAdminHasAValidSession()
Probing for valid sub-category and parent category IDs...
Found Parent Category ID: 1
Found Valid Sub-Category ID: 2
  ? And Valid sub-category exists                     # steps.api.plants.PlantSteps.validSubCategoryExists()
  ? When Send POST request with Price = 0 or negative # steps.api.plants.PlantSteps.sendPOSTRequestWithInvalidPrice()
  ? Then Verify HTTP status code is 400               # steps.api.plants.PlantSteps.verifyHTTPStatusCodeIs(int)
  ? And API returns 400 Bad Request                   # steps.api.plants.PlantSteps.apiReturns400BadRequest()

@admin_auth
Scenario: PM2_API_U_02 Deny Plant Update (Non-Admin)                                  # src/test/resources/features/api/plants/plants_api.feature:47
Found Valid Sub-Category ID: 2
  ? And Valid plant ID exists                                                         # steps.api.plants.PlantSteps.validPlantIDExists()
  ? When Send PUT request to /api/plants/{validId} with updated Name, Price, Quantity # steps.api.plants.PlantSteps.sendPUTRequestToUpdatePlant()
  ? Then Verify HTTP status code is 200                                               # steps.api.plants.PlantSteps.verifyHTTPStatusCodeIs(int)
        java.lang.AssertionError: 1 expectation failed.
        Expected status code <200> but was <500>.
        
        	at java.base/jdk.internal.reflect.DirectConstructorHandleAccessor.newInstance(DirectConstructorHandleAccessor.java:62)
        	at java.base/java.lang.reflect.Constructor.newInstanceWithCaller(Constructor.java:502)
        	at java.base/java.lang.reflect.Constructor.newInstance(Constructor.java:486)
        	at org.codehaus.groovy.reflection.CachedConstructor.invoke(CachedConstructor.java:73)
        	at org.codehaus.groovy.reflection.CachedConstructor.doConstructorInvoke(CachedConstructor.java:60)
        	at org.codehaus.groovy.runtime.callsite.ConstructorSite$ConstructorSiteNoUnwrap.callConstructor(ConstructorSite.java:86)
        	at org.codehaus.groovy.runtime.callsite.AbstractCallSite.callConstructor(AbstractCallSite.java:277)
        	at io.restassured.internal.ResponseSpecificationImpl$HamcrestAssertionClosure.validate(ResponseSpecificationImpl.groovy:512)
        	at io.restassured.internal.ResponseSpecificationImpl$HamcrestAssertionClosure$validate$9.call(Unknown Source)
        	at io.restassured.internal.ResponseSpecificationImpl.validateResponseIfRequired(ResponseSpecificationImpl.groovy:696)
        	at io.restassured.internal.ResponseSpecificationImpl.this$2$validateResponseIfRequired(ResponseSpecificationImpl.groovy)
        	at java.base/jdk.internal.reflect.DirectMethodHandleAccessor.invoke(DirectMethodHandleAccessor.java:103)
        	at java.base/java.lang.reflect.Method.invoke(Method.java:580)
        	at org.codehaus.groovy.runtime.callsite.PlainObjectMetaMethodSite.doInvoke(PlainObjectMetaMethodSite.java:43)
        	at org.codehaus.groovy.runtime.callsite.PogoMetaMethodSite$PogoCachedMethodSiteNoUnwrapNoCoerce.invoke(PogoMetaMethodSite.java:198)
        	at org.codehaus.groovy.runtime.callsite.PogoMetaMethodSite.callCurrent(PogoMetaMethodSite.java:62)
        	at org.codehaus.groovy.runtime.callsite.AbstractCallSite.callCurrent(AbstractCallSite.java:185)
        	at io.restassured.internal.ResponseSpecificationImpl.statusCode(ResponseSpecificationImpl.groovy:135)
        	at io.restassured.specification.ResponseSpecification$statusCode$4.callCurrent(Unknown Source)
        	at io.restassured.internal.ResponseSpecificationImpl.statusCode(ResponseSpecificationImpl.groovy:143)
        	at io.restassured.internal.ValidatableResponseOptionsImpl.statusCode(ValidatableResponseOptionsImpl.java:89)
        	at steps.api.plants.PlantSteps.verifyHTTPStatusCodeIs(PlantSteps.java:255)
        	at ?.Verify HTTP status code is 200(file:///D:/uni/sem%207/IS%203440%20-%20Group%20Assignment/IS%203440%20-%20Group%20Assignment/Automation/ITFac_Batch21_Group58/src/test/resources/features/api/plants/plants_api.feature:43)
  ? And API returns 200 OK                                                            # steps.api.plants.PlantSteps.apiReturns200OK()
WARNING: Could not find any valid sub-category in IDs 1-20. Tests will likely fail.
WARNING: Could not find any valid sub-category in IDs 1-20. Tests will likely fail.
  ? And Valid sub-category exists                             # steps.api.plants.PlantSteps.validSubCategoryExists()

@admin_auth
Scenario: PM2_API_U_03 Deny Plant Deletion (Non-Admin) # src/test/resources/features/api/plants/plants_api.feature:56
  ? Given the admin has a valid session                                               # steps.api.sales.SalesSteps.theAdminHasAValidSession()
Probing for valid sub-category and parent category IDs...
  ? When Send POST request with JSON body missing Name        # steps.api.plants.PlantSteps.sendPOSTRequestWithMissingName()
  ? Then Verify status code is 400                            # steps.api.plants.PlantSteps.verifyStatusCodeIs(int)
  ? And API returns validation error and plant is not created # steps.api.plants.PlantSteps.apiReturnsValidationErrorAndPlantIsNotCreated()

@user_auth
Scenario: PM2_API_U_01 Deny Plant Creation (Non-Admin)                          # src/test/resources/features/api/plants/plants_api.feature:65
  ? And Valid plant ID exists                            # steps.api.plants.PlantSteps.validPlantIDExists()
  ? And I clear the session token                        # steps.api.plants.PlantSteps.iClearTheSessionToken()
Found Parent Category ID: 1
  ? When Send PUT request to /api/plants/{id}            # steps.api.plants.PlantSteps.sendPUTRequestNoAuth()
  ? Then Verify status code is 401 Unauthorized          # steps.api.plants.PlantSteps.verifyStatusCodeIs401()
  ? When Send DELETE request to /api/plants/{id} no auth # steps.api.plants.PlantSteps.sendDELETERequestNoAuth()
  ? Then Verify status code is 401 Unauthorized          # steps.api.plants.PlantSteps.verifyStatusCodeIs401()

@user_auth
Scenario: PM2_API_U_04 Deny Plant Creation under SubCategory (Non-Admin)        # src/test/resources/features/api/plants/plants_api.feature:73
  ? Given the admin has a valid session                # steps.api.sales.SalesSteps.theAdminHasAValidSession()
Probing for valid sub-category and parent category IDs...
  ? Given the user has a valid session                                          # steps.api.sales.SalesSteps.theUserHasAValidSession()
Probing for valid sub-category and parent category IDs...
  ? Given the user has a valid session                                          # steps.api.sales.SalesSteps.theUserHasAValidSession()
Probing for valid sub-category and parent category IDs...
WARNING: Could not find any valid sub-category in IDs 1-20. Tests will likely fail.
Failed to setup Valid Plant ID. Status: 403
HTTP/1.1 403 
Set-Cookie: JSESSIONID=20F6A268407E287D61C97D8501CA8266; Path=/; HttpOnly
X-Content-Type-Options: nosniff
X-XSS-Protection: 0
Cache-Control: no-cache, no-store, max-age=0, must-revalidate
Pragma: no-cache
Expires: 0
X-Frame-Options: DENY
Content-Type: application/json
Transfer-Encoding: chunked
Date: Fri, 06 Feb 2026 11:03:57 GMT
Keep-Alive: timeout=60
Connection: keep-alive

{
    "timestamp": "2026-02-06T11:03:58.519+00:00",
    "status": 403,
    "error": "Forbidden",
    "path": "/api/plants/category/2"
}
  ? And Valid plant ID exists                                                         # steps.api.plants.PlantSteps.validPlantIDExists()
  ? And I switch to non-admin user                                                    # steps.api.plants.PlantSteps.iSwitchToNonAdminUser()
        java.lang.NullPointerException: Cannot invoke "net.thucydides.model.util.EnvironmentVariables.getPropertiesWithPrefix(String)" because "environmentVariables" is null
        	at net.serenitybdd.model.environment.EnvironmentSpecificConfiguration.environmentStrategyDefinedIn(EnvironmentSpecificConfiguration.java:344)
        	at net.serenitybdd.model.environment.EnvironmentSpecificConfiguration.<init>(EnvironmentSpecificConfiguration.java:186)
        	at net.serenitybdd.model.environment.EnvironmentSpecificConfiguration.from(EnvironmentSpecificConfiguration.java:340)
        	at api.client.BaseApiClient.getBaseUrl(BaseApiClient.java:15)
        	at api.client.BaseApiClient.getRequestSpec(BaseApiClient.java:21)
        	at api.client.auth.AuthApiClient.login(AuthApiClient.java:15)
        	at steps.api.plants.PlantSteps.iSwitchToNonAdminUser(PlantSteps.java:166)
        	at ?.I switch to non-admin user(file:///D:/uni/sem%207/IS%203440%20-%20Group%20Assignment/IS%203440%20-%20Group%20Assignment/Automation/ITFac_Batch21_Group58/src/test/resources/features/api/plants/plants_api.feature:50)
  ? When Send PUT request to /api/plants/{validId} with updated Name, Price, Quantity # steps.api.plants.PlantSteps.sendPUTRequestToUpdatePlant()
  ? Then Verify status code is 403 Forbidden                                          # steps.api.plants.PlantSteps.verifyStatusCodeIs403()
  ? And Verify plant data is unchanged                                                # steps.api.plants.PlantSteps.verifyPlantDataIsUnchanged()
WARNING: Could not find any valid sub-category in IDs 1-20. Tests will likely fail.
  ? And Valid sub-category exists                                               # steps.api.plants.PlantSteps.validSubCategoryExists()
  ? When Send POST request with valid Name, Price, Quantity to valid category 3 # steps.api.plants.PlantSteps.sendPOSTRequestWithValidDataToCategory(int)
  ? Then Verify status code is 403 Forbidden                                    # steps.api.plants.PlantSteps.verifyStatusCodeIs403()
  ? And Verify plant is not created                                             # steps.api.plants.PlantSteps.verifyPlantIsNotCreated()
WARNING: Could not find any valid sub-category in IDs 1-20. Tests will likely fail.
Failed to setup Valid Plant ID. Status: 403
HTTP/1.1 403 
Set-Cookie: JSESSIONID=5D30FBCDB816A6C4206E824E3F613CB9; Path=/; HttpOnly
X-Content-Type-Options: nosniff
X-XSS-Protection: 0
Cache-Control: no-cache, no-store, max-age=0, must-revalidate
Pragma: no-cache
Expires: 0
X-Frame-Options: DENY
Content-Type: application/json
Transfer-Encoding: chunked
Date: Fri, 06 Feb 2026 11:03:58 GMT
Keep-Alive: timeout=60
Connection: keep-alive

{
    "timestamp": "2026-02-06T11:03:59.042+00:00",
    "status": 403,
    "error": "Forbidden",
    "path": "/api/plants/category/2"
}
  ? And Valid plant ID exists                          # steps.api.plants.PlantSteps.validPlantIDExists()
  ? And I switch to non-admin user                     # steps.api.plants.PlantSteps.iSwitchToNonAdminUser()
        java.lang.NullPointerException: Cannot invoke "net.thucydides.model.util.EnvironmentVariables.getPropertiesWithPrefix(String)" because "environmentVariables" is null
        	at net.serenitybdd.model.environment.EnvironmentSpecificConfiguration.environmentStrategyDefinedIn(EnvironmentSpecificConfiguration.java:344)
        	at net.serenitybdd.model.environment.EnvironmentSpecificConfiguration.<init>(EnvironmentSpecificConfiguration.java:186)
        	at net.serenitybdd.model.environment.EnvironmentSpecificConfiguration.from(EnvironmentSpecificConfiguration.java:340)
        	at api.client.BaseApiClient.getBaseUrl(BaseApiClient.java:15)
        	at api.client.BaseApiClient.getRequestSpec(BaseApiClient.java:21)
        	at api.client.auth.AuthApiClient.login(AuthApiClient.java:15)
        	at steps.api.plants.PlantSteps.iSwitchToNonAdminUser(PlantSteps.java:166)
        	at ?.I switch to non-admin user(file:///D:/uni/sem%207/IS%203440%20-%20Group%20Assignment/IS%203440%20-%20Group%20Assignment/Automation/ITFac_Batch21_Group58/src/test/resources/features/api/plants/plants_api.feature:59)
  ? When Send DELETE request to /api/plants/{id}       # steps.api.plants.PlantSteps.sendDELETERequest()
  ? Then Verify status code is 403 Forbidden           # steps.api.plants.PlantSteps.verifyStatusCodeIs403()
  ? And Verify plant still exists                      # steps.api.plants.PlantSteps.verifyPlantStillExists()
WARNING: Could not find any valid sub-category in IDs 1-20. Tests will likely fail.
  ? And Valid sub-category exists                                               # steps.api.plants.PlantSteps.validSubCategoryExists()
  ? When Send POST request with valid Name, Price, Quantity to valid category 3 # steps.api.plants.PlantSteps.sendPOSTRequestWithValidDataToCategory(int)
  ? Then Verify status code is 403 Forbidden                                    # steps.api.plants.PlantSteps.verifyStatusCodeIs403()
16:33:59.112 [ForkJoinPool-2-worker-1] INFO  n.t.m.logging.ConsoleLoggingListener - 
  _____   ___   ___   _____     ___   _____     _     ___   _____   ___   ___  
 |_   _| | __| / __| |_   _|   / __| |_   _|   /_\   | _ \ |_   _| | __| |   \ 
   | |   | _|  \__ \   | |     \__ \   | |    / _ \  |   /   | |   | _|  | |) |
   |_|   |___| |___/   |_|     |___/   |_|   /_/ \_\ |_|_\   |_|   |___| |___/ 

PM2_API_A_01 Add New Plant (Valid Data)(plant-management-api;pm2-api-a-01-add-new-plant-(valid-data))
--------------------------------------------------------------------------------
16:33:59.130 [ForkJoinPool-2-worker-1] INFO  n.t.m.logging.ConsoleLoggingListener - 
  _____   ___   ___   _____     ___     _     ___   ___   ___   ___  
 |_   _| | __| / __| |_   _|   | _ \   /_\   / __| / __| | __| |   \ 
   | |   | _|  \__ \   | |     |  _/  / _ \  \__ \ \__ \ | _|  | |) |
   |_|   |___| |___/   |_|     |_|   /_/ \_\ |___/ |___/ |___| |___/ 

PM2_API_A_01 Add New Plant (Valid Data)
----------------------------------------------------------------------
16:33:59.162 [ForkJoinPool-2-worker-1] INFO  n.t.m.logging.ConsoleLoggingListener - 
  _____   ___   ___   _____     ___   _____     _     ___   _____   ___   ___  
 |_   _| | __| / __| |_   _|   / __| |_   _|   /_\   | _ \ |_   _| | __| |   \ 
   | |   | _|  \__ \   | |     \__ \   | |    / _ \  |   /   | |   | _|  | |) |
   |_|   |___| |___/   |_|     |___/   |_|   /_/ \_\ |_|_\   |_|   |___| |___/ 

PM2_API_A_02 Add Plant with Missing Name(plant-management-api;pm2-api-a-02-add-plant-with-missing-name)
--------------------------------------------------------------------------------
16:33:59.165 [ForkJoinPool-2-worker-1] INFO  n.t.m.logging.ConsoleLoggingListener - 
  _____   ___   ___   _____     ___     _     ___   ___   ___   ___  
 |_   _| | __| / __| |_   _|   | _ \   /_\   / __| / __| | __| |   \ 
   | |   | _|  \__ \   | |     |  _/  / _ \  \__ \ \__ \ | _|  | |) |
   |_|   |___| |___/   |_|     |_|   /_/ \_\ |___/ |___/ |___| |___/ 

PM2_API_A_02 Add Plant with Missing Name
----------------------------------------------------------------------
16:33:59.186 [ForkJoinPool-2-worker-1] INFO  n.t.m.logging.ConsoleLoggingListener - 
  _____   ___   ___   _____     ___   _____     _     ___   _____   ___   ___  
 |_   _| | __| / __| |_   _|   / __| |_   _|   /_\   | _ \ |_   _| | __| |   \ 
   | |   | _|  \__ \   | |     \__ \   | |    / _ \  |   /   | |   | _|  | |) |
   |_|   |___| |___/   |_|     |___/   |_|   /_/ \_\ |_|_\   |_|   |___| |___/ 

PM2_API_A_03 Add Plant with Invalid Category(plant-management-api;pm2-api-a-03-add-plant-with-invalid-category)
--------------------------------------------------------------------------------
16:33:59.190 [ForkJoinPool-2-worker-1] INFO  n.t.m.logging.ConsoleLoggingListener - 
  _____   ___   ___   _____     ___     _     ___   ___   ___   ___  
 |_   _| | __| / __| |_   _|   | _ \   /_\   / __| / __| | __| |   \ 
   | |   | _|  \__ \   | |     |  _/  / _ \  \__ \ \__ \ | _|  | |) |
   |_|   |___| |___/   |_|     |_|   /_/ \_\ |___/ |___/ |___| |___/ 

PM2_API_A_03 Add Plant with Invalid Category
----------------------------------------------------------------------
16:33:59.208 [ForkJoinPool-2-worker-1] INFO  n.t.m.logging.ConsoleLoggingListener - 
  _____   ___   ___   _____     ___   _____     _     ___   _____   ___   ___  
 |_   _| | __| / __| |_   _|   / __| |_   _|   /_\   | _ \ |_   _| | __| |   \ 
   | |   | _|  \__ \   | |     \__ \   | |    / _ \  |   /   | |   | _|  | |) |
   |_|   |___| |___/   |_|     |___/   |_|   /_/ \_\ |_|_\   |_|   |___| |___/ 

PM2_API_A_04 Add Plant with Price Invalid(plant-management-api;pm2-api-a-04-add-plant-with-price-invalid)
--------------------------------------------------------------------------------
16:33:59.212 [ForkJoinPool-2-worker-1] INFO  n.t.m.logging.ConsoleLoggingListener - 
  _____   ___   ___   _____     ___     _     ___   ___   ___   ___  
 |_   _| | __| / __| |_   _|   | _ \   /_\   / __| / __| | __| |   \ 
   | |   | _|  \__ \   | |     |  _/  / _ \  \__ \ \__ \ | _|  | |) |
   |_|   |___| |___/   |_|     |_|   /_/ \_\ |___/ |___/ |___| |___/ 

PM2_API_A_04 Add Plant with Price Invalid
----------------------------------------------------------------------
16:33:59.225 [ForkJoinPool-2-worker-1] INFO  n.t.m.logging.ConsoleLoggingListener - 
  _____   ___   ___   _____     ___   _____     _     ___   _____   ___   ___  
 |_   _| | __| / __| |_   _|   / __| |_   _|   /_\   | _ \ |_   _| | __| |   \ 
   | |   | _|  \__ \   | |     \__ \   | |    / _ \  |   /   | |   | _|  | |) |
   |_|   |___| |___/   |_|     |___/   |_|   /_/ \_\ |_|_\   |_|   |___| |___/ 

PM2_API_A_05 Edit Plant(plant-management-api;pm2-api-a-05-edit-plant)
--------------------------------------------------------------------------------
16:33:59.240 [ForkJoinPool-2-worker-1] INFO  n.t.m.logging.ConsoleLoggingListener - 
  _____   ___   ___   _____     ___   _____     _     ___   _____   ___   ___  
 |_   _| | __| / __| |_   _|   / __| |_   _|   /_\   | _ \ |_   _| | __| |   \ 
   | |   | _|  \__ \   | |     \__ \   | |    / _ \  |   /   | |   | _|  | |) |
   |_|   |___| |___/   |_|     |___/   |_|   /_/ \_\ |_|_\   |_|   |___| |___/ 

PM2_API_U_02 Deny Plant Update (Non-Admin)(plant-management-api;pm2-api-u-02-deny-plant-update-(non-admin))
--------------------------------------------------------------------------------
16:33:59.247 [ForkJoinPool-2-worker-1] INFO  n.t.m.logging.ConsoleLoggingListener - 
  _____   ___   ___   _____     ___   _____     _     ___   _____   ___   ___  
 |_   _| | __| / __| |_   _|   / __| |_   _|   /_\   | _ \ |_   _| | __| |   \ 
   | |   | _|  \__ \   | |     \__ \   | |    / _ \  |   /   | |   | _|  | |) |
   |_|   |___| |___/   |_|     |___/   |_|   /_/ \_\ |_|_\   |_|   |___| |___/ 

PM2_API_U_03 Deny Plant Deletion (Non-Admin)(plant-management-api;pm2-api-u-03-deny-plant-deletion-(non-admin))
--------------------------------------------------------------------------------
16:33:59.258 [ForkJoinPool-2-worker-1] INFO  n.t.m.logging.ConsoleLoggingListener - 
  _____   ___   ___   _____     ___   _____     _     ___   _____   ___   ___  
 |_   _| | __| / __| |_   _|   / __| |_   _|   /_\   | _ \ |_   _| | __| |   \ 
   | |   | _|  \__ \   | |     \__ \   | |    / _ \  |   /   | |   | _|  | |) |
   |_|   |___| |___/   |_|     |___/   |_|   /_/ \_\ |_|_\   |_|   |___| |___/ 

PM2_API_U_01 Deny Plant Creation (Non-Admin)(plant-management-api;pm2-api-u-01-deny-plant-creation-(non-admin))
--------------------------------------------------------------------------------
16:33:59.260 [ForkJoinPool-2-worker-1] INFO  n.t.m.logging.ConsoleLoggingListener - 
  _____   ___   ___   _____     ___     _     ___   ___   ___   ___  
 |_   _| | __| / __| |_   _|   | _ \   /_\   / __| / __| | __| |   \ 
   | |   | _|  \__ \   | |     |  _/  / _ \  \__ \ \__ \ | _|  | |) |
   |_|   |___| |___/   |_|     |_|   /_/ \_\ |___/ |___/ |___| |___/ 

PM2_API_U_01 Deny Plant Creation (Non-Admin)
----------------------------------------------------------------------
16:33:59.275 [ForkJoinPool-2-worker-1] INFO  n.t.m.logging.ConsoleLoggingListener - 
  _____   ___   ___   _____     ___   _____     _     ___   _____   ___   ___  
 |_   _| | __| / __| |_   _|   / __| |_   _|   /_\   | _ \ |_   _| | __| |   \ 
   | |   | _|  \__ \   | |     \__ \   | |    / _ \  |   /   | |   | _|  | |) |
   |_|   |___| |___/   |_|     |___/   |_|   /_/ \_\ |_|_\   |_|   |___| |___/ 

PM2_API_U_04 Deny Plant Creation under SubCategory (Non-Admin)(plant-management-api;pm2-api-u-04-deny-plant-creation-under-subcategory-(non-admin))
--------------------------------------------------------------------------------
16:33:59.276 [ForkJoinPool-2-worker-1] INFO  n.t.m.logging.ConsoleLoggingListener - 
  _____   ___   ___   _____     ___     _     ___   ___   ___   ___  
 |_   _| | __| / __| |_   _|   | _ \   /_\   / __| / __| | __| |   \ 
   | |   | _|  \__ \   | |     |  _/  / _ \  \__ \ \__ \ | _|  | |) |
   |_|   |___| |___/   |_|     |_|   /_/ \_\ |___/ |___/ |___| |___/ 

PM2_API_U_04 Deny Plant Creation under SubCategory (Non-Admin)
----------------------------------------------------------------------
16:33:59.289 [ForkJoinPool-2-worker-1] INFO  n.t.m.logging.ConsoleLoggingListener - 
  _____   ___   ___   _____     ___   _____     _     ___   _____   ___   ___  
 |_   _| | __| / __| |_   _|   / __| |_   _|   /_\   | _ \ |_   _| | __| |   \ 
   | |   | _|  \__ \   | |     \__ \   | |    / _ \  |   /   | |   | _|  | |) |
   |_|   |___| |___/   |_|     |___/   |_|   /_/ \_\ |_|_\   |_|   |___| |___/ 

PM2_API_U_05 Deny Request without Token(plant-management-api;pm2-api-u-05-deny-request-without-token)
--------------------------------------------------------------------------------
16:33:59.291 [ForkJoinPool-2-worker-1] INFO  n.t.m.logging.ConsoleLoggingListener - 
  _____   ___   ___   _____     ___     _     ___   ___   ___   ___  
 |_   _| | __| / __| |_   _|   | _ \   /_\   / __| / __| | __| |   \ 
   | |   | _|  \__ \   | |     |  _/  / _ \  \__ \ \__ \ | _|  | |) |
   |_|   |___| |___/   |_|     |_|   /_/ \_\ |___/ |___/ |___| |___/ 

PM2_API_U_05 Deny Request without Token
----------------------------------------------------------------------
Feb 06, 2026 4:34:00 PM org.junit.platform.launcher.core.DiscoveryIssueNotifier logIssues
WARNING: TestEngine with ID 'cucumber' encountered a non-critical issue during test discovery:

(1) [WARNING] Discovering tests using the cucumber.features property. Other discovery selectors are ignored!

This is a work around for the limited JUnit 5 support in Maven and Gradle. Please request/upvote/sponsor/ect better support for JUnit 5 discovery selectors. For details see: https://github.com/cucumber/cucumber-jvm/pull/2498

If you are using the JUnit 5 Suite Engine, Platform Launcher API or Console Launcher you should not use this property. Please consult the JUnit 5 documentation on test selection.
[ERROR] Tests run: 10, Failures: 1, Errors: 2, Skipped: 0, Time elapsed: 4.874 s <<< FAILURE! -- in io.cucumber.junit.platform.engine.CucumberTestEngine
[ERROR] Plant Management API.PM2_API_A_05 Edit Plant -- Time elapsed: 0.649 s <<< FAILURE!
java.lang.AssertionError: 
1 expectation failed.
Expected status code <200> but was <500>.

	at java.base/java.lang.reflect.Constructor.newInstanceWithCaller(Constructor.java:502)
	at java.base/java.lang.reflect.Constructor.newInstance(Constructor.java:486)
	at org.codehaus.groovy.reflection.CachedConstructor.invoke(CachedConstructor.java:73)
	at org.codehaus.groovy.reflection.CachedConstructor.doConstructorInvoke(CachedConstructor.java:60)
	at org.codehaus.groovy.runtime.callsite.ConstructorSite$ConstructorSiteNoUnwrap.callConstructor(ConstructorSite.java:86)
	at org.codehaus.groovy.runtime.callsite.AbstractCallSite.callConstructor(AbstractCallSite.java:277)
	at io.restassured.internal.ResponseSpecificationImpl$HamcrestAssertionClosure.validate(ResponseSpecificationImpl.groovy:512)
	at io.restassured.internal.ResponseSpecificationImpl$HamcrestAssertionClosure$validate$9.call(Unknown Source)
	at io.restassured.internal.ResponseSpecificationImpl.validateResponseIfRequired(ResponseSpecificationImpl.groovy:696)
	at io.restassured.internal.ResponseSpecificationImpl.this$2$validateResponseIfRequired(ResponseSpecificationImpl.groovy)
	at java.base/java.lang.reflect.Method.invoke(Method.java:580)
	at org.codehaus.groovy.runtime.callsite.PlainObjectMetaMethodSite.doInvoke(PlainObjectMetaMethodSite.java:43)
	at org.codehaus.groovy.runtime.callsite.PogoMetaMethodSite$PogoCachedMethodSiteNoUnwrapNoCoerce.invoke(PogoMetaMethodSite.java:198)
	at org.codehaus.groovy.runtime.callsite.PogoMetaMethodSite.callCurrent(PogoMetaMethodSite.java:62)
	at org.codehaus.groovy.runtime.callsite.AbstractCallSite.callCurrent(AbstractCallSite.java:185)
	at io.restassured.internal.ResponseSpecificationImpl.statusCode(ResponseSpecificationImpl.groovy:135)
	at io.restassured.specification.ResponseSpecification$statusCode$4.callCurrent(Unknown Source)
	at io.restassured.internal.ResponseSpecificationImpl.statusCode(ResponseSpecificationImpl.groovy:143)
	at io.restassured.internal.ValidatableResponseOptionsImpl.statusCode(ValidatableResponseOptionsImpl.java:89)
	at steps.api.plants.PlantSteps.verifyHTTPStatusCodeIs(PlantSteps.java:255)
	at ?.Verify HTTP status code is 200(file:///D:/uni/sem%207/IS%203440%20-%20Group%20Assignment/IS%203440%20-%20Group%20Assignment/Automation/ITFac_Batch21_Group58/src/test/resources/features/api/plants/plants_api.feature:43)

[ERROR] Plant Management API.PM2_API_U_02 Deny Plant Update (Non-Admin) -- Time elapsed: 1.013 s <<< ERROR!
java.lang.NullPointerException: Cannot invoke "net.thucydides.model.util.EnvironmentVariables.getPropertiesWithPrefix(String)" because "environmentVariables" is null
	at net.serenitybdd.model.environment.EnvironmentSpecificConfiguration.environmentStrategyDefinedIn(EnvironmentSpecificConfiguration.java:344)
	at net.serenitybdd.model.environment.EnvironmentSpecificConfiguration.<init>(EnvironmentSpecificConfiguration.java:186)
	at net.serenitybdd.model.environment.EnvironmentSpecificConfiguration.from(EnvironmentSpecificConfiguration.java:340)
	at api.client.BaseApiClient.getBaseUrl(BaseApiClient.java:15)
	at api.client.BaseApiClient.getRequestSpec(BaseApiClient.java:21)
	at api.client.auth.AuthApiClient.login(AuthApiClient.java:15)
	at steps.api.plants.PlantSteps.iSwitchToNonAdminUser(PlantSteps.java:166)
	at ?.I switch to non-admin user(file:///D:/uni/sem%207/IS%203440%20-%20Group%20Assignment/IS%203440%20-%20Group%20Assignment/Automation/ITFac_Batch21_Group58/src/test/resources/features/api/plants/plants_api.feature:50)

[ERROR] Plant Management API.PM2_API_U_03 Deny Plant Deletion (Non-Admin) -- Time elapsed: 1.217 s <<< ERROR!
java.lang.NullPointerException: Cannot invoke "net.thucydides.model.util.EnvironmentVariables.getPropertiesWithPrefix(String)" because "environmentVariables" is null
	at net.serenitybdd.model.environment.EnvironmentSpecificConfiguration.environmentStrategyDefinedIn(EnvironmentSpecificConfiguration.java:344)
	at net.serenitybdd.model.environment.EnvironmentSpecificConfiguration.<init>(EnvironmentSpecificConfiguration.java:186)
	at net.serenitybdd.model.environment.EnvironmentSpecificConfiguration.from(EnvironmentSpecificConfiguration.java:340)
	at api.client.BaseApiClient.getBaseUrl(BaseApiClient.java:15)
	at api.client.BaseApiClient.getRequestSpec(BaseApiClient.java:21)
	at api.client.auth.AuthApiClient.login(AuthApiClient.java:15)
	at steps.api.plants.PlantSteps.iSwitchToNonAdminUser(PlantSteps.java:166)
	at ?.I switch to non-admin user(file:///D:/uni/sem%207/IS%203440%20-%20Group%20Assignment/IS%203440%20-%20Group%20Assignment/Automation/ITFac_Batch21_Group58/src/test/resources/features/api/plants/plants_api.feature:59)

[INFO] Tests run: 0, Failures: 0, Errors: 0, Skipped: 0, Time elapsed: 5.132 s -- in starter.CucumberTestSuite
Feb 06, 2026 4:34:00 PM org.junit.platform.launcher.core.DiscoveryIssueNotifier logIssues
WARNING: TestEngine with ID 'junit-platform-suite' encountered a non-critical issue during test discovery:

(1) [WARNING] [cucumber] Discovering tests using the cucumber.features property. Other discovery selectors are ignored!

This is a work around for the limited JUnit 5 support in Maven and Gradle. Please request/upvote/sponsor/ect better support for JUnit 5 discovery selectors. For details see: https://github.com/cucumber/cucumber-jvm/pull/2498

If you are using the JUnit 5 Suite Engine, Platform Launcher API or Console Launcher you should not use this property. Please consult the JUnit 5 documentation on test selection (via @Suite starter.CucumberTestSuite).
[INFO] 
[INFO] Results:
[INFO] 
[ERROR] Failures: 
[ERROR] Plant Management API.PM2_API_A_05 Edit Plant
[ERROR]   Run 1: 1 expectation failed.
Expected status code <200> but was <500>.

[ERROR]   Run 2: 1 expectation failed.
Expected status code <200> but was <500>.

[INFO] 
[ERROR] Errors: 
[ERROR] Plant Management API.PM2_API_U_02 Deny Plant Update (Non-Admin)
[ERROR]   Run 1: Cannot invoke "net.thucydides.model.util.EnvironmentVariables.getPropertiesWithPrefix(String)" because "environmentVariables" is null
[ERROR]   Run 2: Cannot invoke "net.thucydides.model.util.EnvironmentVariables.getPropertiesWithPrefix(String)" because "environmentVariables" is null
[INFO] 
[ERROR] Plant Management API.PM2_API_U_03 Deny Plant Deletion (Non-Admin)
[ERROR]   Run 1: Cannot invoke "net.thucydides.model.util.EnvironmentVariables.getPropertiesWithPrefix(String)" because "environmentVariables" is null
[ERROR]   Run 2: Cannot invoke "net.thucydides.model.util.EnvironmentVariables.getPropertiesWithPrefix(String)" because "environmentVariables" is null
[INFO] 
[INFO] 
[ERROR] Tests run: 17, Failures: 1, Errors: 2, Skipped: 0
[INFO] 
[INFO] 
[INFO] --- serenity:5.0.4:aggregate (serenity-reports) @ cucumber-starter ---
[INFO] GENERATING REPORTS FOR: D:\uni\sem 7\IS 3440 - Group Assignment\IS 3440 - Group Assignment\Automation\ITFac_Batch21_Group58
[INFO] GENERATING REPORTS USING 16 THREADS
[INFO] 
[INFO] ------------------------------------------------------------------------
[INFO] Serenity BDD Test Results
[INFO]   - Report guide: https://serenity-bdd.github.io
[INFO]   - Results: 17 tests | 13 passed | 2 failed | 2 errors | 0 compromised | 0 pending | 0 aborted
[INFO]   - Issues detected:
[INFO]     - Failed      : 2
[INFO]     - Errors      : 2
[INFO] ------------------------------------------------------------------------
[INFO] 
[INFO] Generating Serenity BDD Reports
[INFO]   ? Summary reports
[INFO]   ? Requirements reports
[INFO]   ? Result reports
[INFO]   ? Error reports
[INFO] 
[INFO] Reports generated in 3.8 secs
[INFO] 
[INFO] ? Interactive Report: file:///D:/uni/sem%207/IS%203440%20-%20Group%20Assignment/IS%203440%20-%20Group%20Assignment/Automation/ITFac_Batch21_Group58/target/site/serenity/index.html
[INFO] ? Single Page HTML Summary: file:///D:/uni/sem%207/IS%203440%20-%20Group%20Assignment/IS%203440%20-%20Group%20Assignment/Automation/ITFac_Batch21_Group58/target/site/serenity/serenity-summary.html
[INFO] 
[INFO] --- failsafe:3.1.2:verify (default) @ cucumber-starter ---
[WARNING]  Parameter 'encoding' (user property 'encoding') is deprecated: since of 2.20.1
[INFO] ------------------------------------------------------------------------
[INFO] BUILD FAILURE
[INFO] ------------------------------------------------------------------------
[INFO] Total time:  27.478 s
[INFO] Finished at: 2026-02-06T16:34:07+05:30
[INFO] ------------------------------------------------------------------------
[ERROR] Failed to execute goal org.apache.maven.plugins:maven-failsafe-plugin:3.1.2:verify (default) on project cucumber-starter: There are test failures.
[ERROR] 
[ERROR] Please refer to D:\uni\sem 7\IS 3440 - Group Assignment\IS 3440 - Group Assignment\Automation\ITFac_Batch21_Group58\target\failsafe-reports for the individual test results.
[ERROR] Please refer to dump files (if any exist) [date].dump, [date]-jvmRun[N].dump and [date].dumpstream.
[ERROR] -> [Help 1]
[ERROR] 
[ERROR] To see the full stack trace of the errors, re-run Maven with the -e switch.
[ERROR] Re-run Maven using the -X switch to enable full debug logging.
[ERROR] 
[ERROR] For more information about the errors and possible solutions, please read the following articles:
[ERROR] [Help 1] http://cwiki.apache.org/confluence/display/MAVEN/MojoFailureException
